MSG,3,111,11111,406814,111111,2018/08/24,21:41:46.604,2018/08/24,21:41:46.573,,31875,,,42.30281,-71.45080,,,,,,0
MSG,3,111,11111,406814,111111,2018/08/24,21:41:50.475,2018/08/24,21:41:50.440,,31950,,,42.30972,-71.44291,,,,,,0
MSG,3,111,11111,406814,111111,2018/08/24,21:41:51.355,2018/08/24,21:41:51.356,,31950,,,42.31110,-71.44135,,,,,,0
MSG,3,111,11111,406814,111111,2018/08/24,21:41:53.345,2018/08/24,21:41:53.322,,32000,,,42.31453,-71.43741,,,,,,0
MSG,3,111,11111,406814,111111,2018/08/24,21:41:56.215,2018/08/24,21:41:56.206,,32050,,,42.32003,-71.43113,,,,,,0
MSG,3,111,11111,406814,111111,2018/08/24,21:41:59.426,2018/08/24,21:41:59.417,,32100,,,42.32418,-71.42640,,,,,,0
MSG,3,111,11111,406814,111111,2018/08/24,21:42:02.226,2018/08/24,21:42:02.172,,32150,,,42.32902,-71.42091,,,,,,0
MSG,3,111,11111,406814,111111,2018/08/24,21:42:04.276,2018/08/24,21:42:04.267,,32200,,,42.33242,-71.41695,,,,,,0
MSG,3,111,11111,406814,111111,2018/08/24,21:42:08.835,2018/08/24,21:42:08.790,,32300,,,42.34071,-71.40751,,,,,,0
MSG,3,111,11111,406814,111111,2018/08/24,21:42:10.875,2018/08/24,21:42:10.821,,32325,,,42.34447,-71.40321,,,,,,0
MSG,3,111,11111,406814,111111,2018/08/24,21:42:13.916,2018/08/24,21:42:13.901,,32400,,,42.34964,-71.39734,,,,,,0
MSG,3,111,11111,406814,111111,2018/08/24,21:42:16.716,2018/08/24,21:42:16.655,,32450,,,42.35481,-71.39140,,,,,,0
MSG,3,111,11111,406814,111111,2018/08/24,21:42:19.946,2018/08/24,21:42:19.930,,32525,,,42.36063,-71.38475,,,,,,0
MSG,3,111,11111,406814,111111,2018/08/24,21:42:22.776,2018/08/24,21:42:22.748,,32575,,,42.36438,-71.38042,,,,,,0
MSG,3,111,11111,406814,111111,2018/08/24,21:42:23.757,2018/08/24,21:42:23.731,,32600,,,42.36575,-71.37886,,,,,,0
MSG,3,111,11111,406814,111111,2018/08/24,21:42:24.726,2018/08/24,21:42:24.714,,32625,,,42.36747,-71.37690,,,,,,0
MSG,3,111,11111,406814,111111,2018/08/24,21:42:40.496,2018/08/24,21:42:40.443,,32975,,,42.39551,-71.34484,,,,,,0
MSG,3,111,11111,406814,111111,2018/08/24,21:42:41.476,2018/08/24,21:42:41.427,,33000,,,42.39722,-71.34285,,,,,,0
MSG,3,111,11111,406814,111111,2018/08/24,21:42:42.396,2018/08/24,21:42:42.345,,33000,,,42.39890,-71.34091,,,,,,0
MSG,3,111,11111,406814,111111,2018/08/24,21:43:04.697,2018/08/24,21:43:04.690,,33425,,,42.43669,-71.29763,,,,,,0
MSG,3,111,11111,406814,111111,2018/08/24,21:43:05.756,2018/08/24,21:43:05.739,,33450,,,42.43840,-71.29571,,,,,,0
MSG,3,111,11111,406814,111111,2018/08/24,21:43:09.676,2018/08/24,21:43:09.671,,33525,,,42.44554,-71.28747,,,,,,0
MSG,3,111,11111,406814,111111,2018/08/24,21:43:10.607,2018/08/24,21:43:10.589,,33550,,,42.44591,-71.28709,,,,,,0
MSG,3,111,11111,406814,111111,2018/08/24,21:43:13.597,2018/08/24,21:43:13.538,,33575,,,42.45099,-71.28129,,,,,,0
MSG,3,111,11111,406814,111111,2018/08/24,21:43:16.476,2018/08/24,21:43:16.422,,33650,,,42.45607,-71.27543,,,,,,0
MSG,3,111,11111,406814,111111,2018/08/24,21:43:18.627,2018/08/24,21:43:18.584,,33675,,,42.45983,-71.27112,,,,,,0
MSG,3,111,11111,406814,111111,2018/08/24,21:43:24.707,2018/08/24,21:43:24.680,,33775,,,42.47040,-71.25905,,,,,,0
MSG,3,111,11111,406814,111111,2018/08/24,21:43:36.357,2018/08/24,21:43:36.344,,33975,,,42.48944,-71.23714,,,,,,0
MSG,3,111,11111,406814,111111,2018/08/24,21:43:37.258,2018/08/24,21:43:37.198,,33975,,,42.49113,-71.23516,,,,,,0
MSG,3,111,11111,406814,111111,2018/08/24,21:43:45.007,2018/08/24,21:43:44.995,,34125,,,42.50475,-71.21957,,,,,,0
MSG,3,111,11111,406814,111111,2018/08/24,21:43:45.988,2018/08/24,21:43:45.978,,34150,,,42.50679,-71.21719,,,,,,0
MSG,3,111,11111,406814,111111,2018/08/24,21:43:47.817,2018/08/24,21:43:47.813,,34175,,,42.50987,-71.21370,,,,,,0
MSG,3,111,11111,406814,111111,2018/08/24,21:43:50.878,2018/08/24,21:43:50.829,,34250,,,42.51530,-71.20745,,,,,,0
MSG,3,111,11111,406814,111111,2018/08/24,21:43:54.777,2018/08/24,21:43:54.759,,34325,,,42.52245,-71.19921,,,,,,0
MSG,3,111,11111,406814,111111,2018/08/24,21:44:21.358,2018/08/24,21:44:21.304,,34850,,,42.56717,-71.14765,,,,,,0
MSG,3,111,11111,76CD6E,111111,2018/08/24,21:50:14.527,2018/08/24,21:50:14.475,,33475,,,42.44396,-71.54993,,,,,,0
MSG,3,111,11111,76CD6E,111111,2018/08/24,21:50:15.652,2018/08/24,21:50:15.590,,33500,,,42.44591,-71.54753,,,,,,0
MSG,3,111,11111,A36898,111111,2018/08/24,21:50:16.765,2018/08/24,21:50:16.704,,11600,,,42.54921,-71.58704,,,,,,0
MSG,3,111,11111,76CD6E,111111,2018/08/24,21:50:18.452,2018/08/24,21:50:18.407,,33550,,,42.45094,-71.54141,,,,,,0
MSG,3,111,11111,A36898,111111,2018/08/24,21:50:19.925,2018/08/24,21:50:19.913,,11550,,,42.54790,-71.58042,,,,,,0
MSG,3,111,11111,76CD6E,111111,2018/08/24,21:50:23.039,2018/08/24,21:50:22.995,,33675,,,42.45886,-71.53161,,,,,,0
MSG,3,111,11111,A36898,111111,2018/08/24,21:50:30.835,2018/08/24,21:50:30.793,,11300,,,42.54318,-71.55789,,,,,,0
MSG,3,111,11111,76CD6E,111111,2018/08/24,21:50:31.177,2018/08/24,21:50:31.122,,33925,,,42.47292,-71.51438,,,,,,0
MSG,3,111,11111,76CD6E,111111,2018/08/24,21:50:36.465,2018/08/24,21:50:36.429,,34125,,,42.48216,-71.50296,,,,,,0
MSG,3,111,11111,A36898,111111,2018/08/24,21:50:36.894,2018/08/24,21:50:36.887,,11150,,,42.54065,-71.54559,,,,,,0
MSG,3,111,11111,A36898,111111,2018/08/24,21:50:39.985,2018/08/24,21:50:39.967,,11050,,,42.53934,-71.53933,,,,,,0
MSG,3,111,11111,A36898,111111,2018/08/24,21:50:42.915,2018/08/24,21:50:42.915,,10950,,,42.53815,-71.53336,,,,,,0
MSG,3,111,11111,A36898,111111,2018/08/24,21:50:43.905,2018/08/24,21:50:43.899,,10925,,,42.53771,-71.53141,,,,,,0
MSG,3,111,11111,76CD6E,111111,2018/08/24,21:50:45.940,2018/08/24,21:50:45.930,,34450,,,42.49841,-71.48298,,,,,,0
MSG,3,111,11111,A36898,111111,2018/08/24,21:50:46.934,2018/08/24,21:50:46.914,,10825,,,42.53645,-71.52530,,,,,,0
MSG,3,111,11111,A36898,111111,2018/08/24,21:50:47.974,2018/08/24,21:50:47.962,,10775,,,42.53604,-71.52317,,,,,,0
MSG,3,111,11111,76CD6E,111111,2018/08/24,21:50:49.752,2018/08/24,21:50:49.731,,34575,,,42.50500,-71.47487,,,,,,0
MSG,3,111,11111,A36898,111111,2018/08/24,21:50:49.904,2018/08/24,21:50:49.862,,10725,,,42.53525,-71.51934,,,,,,0
MSG,3,111,11111,76CD6E,111111,2018/08/24,21:50:50.790,2018/08/24,21:50:50.779,,34625,,,42.50676,-71.47264,,,,,,0
MSG,3,111,11111,76CD6E,111111,2018/08/24,21:50:52.902,2018/08/24,21:50:52.878,,34675,,,42.51034,-71.46830,,,,,,0
MSG,3,111,11111,A36898,111111,2018/08/24,21:50:56.875,2018/08/24,21:50:56.874,,10525,,,42.53236,-71.50535,,,,,,0
MSG,3,111,11111,A36898,111111,2018/08/24,21:51:02.175,2018/08/24,21:51:02.120,,10350,,,42.53017,-71.49474,,,,,,0
MSG,3,111,11111,A36898,111111,2018/08/24,21:51:04.215,2018/08/24,21:51:04.215,,10300,,,42.52931,-71.49066,,,,,,0
MSG,3,111,11111,A36898,111111,2018/08/24,21:51:05.215,2018/08/24,21:51:05.198,,10275,,,42.52890,-71.48866,,,,,,0
MSG,3,111,11111,76CD6E,111111,2018/08/24,21:51:05.640,2018/08/24,21:51:05.593,,34975,,,42.53206,-71.44147,,,,,,0
MSG,3,111,11111,A36898,111111,2018/08/24,21:51:05.805,2018/08/24,21:51:05.787,,10275,,,42.52868,-71.48753,,,,,,0
MSG,3,111,11111,A36898,111111,2018/08/24,21:51:06.905,2018/08/24,21:51:06.901,,10250,,,42.52822,-71.48535,,,,,,0
MSG,3,111,11111,A36898,111111,2018/08/24,21:51:07.915,2018/08/24,21:51:07.885,,10225,,,42.52780,-71.48329,,,,,,0
MSG,3,111,11111,A36898,111111,2018/08/24,21:51:09.554,2018/08/24,21:51:09.524,,10200,,,42.52716,-71.48011,,,,,,0
MSG,3,111,11111,A36898,111111,2018/08/24,21:51:10.095,2018/08/24,21:51:10.049,,10200,,,42.52691,-71.47903,,,,,,0
MSG,3,111,11111,A36898,111111,2018/08/24,21:51:10.585,2018/08/24,21:51:10.572,,10175,,,42.52673,-71.47801,,,,,,0
MSG,3,111,11111,A36898,111111,2018/08/24,21:51:12.625,2018/08/24,21:51:12.604,,10150,,,42.52588,-71.47399,,,,,,0
MSG,3,111,11111,A36898,111111,2018/08/24,21:51:13.725,2018/08/24,21:51:13.717,,10125,,,42.52542,-71.47181,,,,,,0
MSG,3,111,11111,A36898,111111,2018/08/24,21:51:14.265,2018/08/24,21:51:14.242,,10125,,,42.52524,-71.47073,,,,,,0
MSG,3,111,11111,A36898,111111,2018/08/24,21:51:15.334,2018/08/24,21:51:15.292,,10125,,,42.52478,-71.46869,,,,,,0
MSG,3,111,11111,76CD6E,111111,2018/08/24,21:51:16.091,2018/08/24,21:51:16.077,,35200,,,42.55000,-71.41944,,,,,,0
MSG,3,111,11111,A36898,111111,2018/08/24,21:51:17.235,2018/08/24,21:51:17.192,,10100,,,42.52400,-71.46494,,,,,,0
MSG,3,111,11111,76CD6E,111111,2018/08/24,21:51:19.190,2018/08/24,21:51:19.158,,35250,,,42.55531,-71.41286,,,,,,0
MSG,3,111,11111,76CD6E,111111,2018/08/24,21:51:20.165,2018/08/24,21:51:20.141,,35250,,,42.55696,-71.41088,,,,,,0
MSG,3,111,11111,A36898,111111,2018/08/24,21:51:20.805,2018/08/24,21:51:20.796,,10050,,,42.52258,-71.45808,,,,,,0
MSG,3,111,11111,A36898,111111,2018/08/24,21:51:21.794,2018/08/24,21:51:21.778,,10025,,,42.52221,-71.45610,,,,,,0
MSG,3,111,11111,76CD6E,111111,2018/08/24,21:51:22.278,2018/08/24,21:51:22.239,,35275,,,42.56053,-71.40645,,,,,,0
MSG,3,111,11111,76CD6E,111111,2018/08/24,21:51:28.341,2018/08/24,21:51:28.332,,35400,,,42.57092,-71.39365,,,,,,0
MSG,3,111,11111,A36898,111111,2018/08/24,21:51:28.435,2018/08/24,21:51:28.399,,9950,,,42.51956,-71.44341,,,,,,0
MSG,3,111,11111,A36898,111111,2018/08/24,21:51:30.095,2018/08/24,21:51:30.038,,9925,,,42.51891,-71.44026,,,,,,0
MSG,3,111,11111,A36898,111111,2018/08/24,21:51:31.185,2018/08/24,21:51:31.151,,9900,,,42.51849,-71.43822,,,,,,0
MSG,3,111,11111,A36898,111111,2018/08/24,21:51:31.684,2018/08/24,21:51:31.675,,9900,,,42.51830,-71.43726,,,,,,0
MSG,3,111,11111,A36898,111111,2018/08/24,21:51:32.125,2018/08/24,21:51:32.069,,9900,,,42.51814,-71.43641,,,,,,0
MSG,3,111,11111,76CD6E,111111,2018/08/24,21:51:32.491,2018/08/24,21:51:32.462,,35450,,,42.57803,-71.38488,,,,,,0
MSG,3,111,11111,A36898,111111,2018/08/24,21:51:33.554,2018/08/24,21:51:33.511,,9875,,,42.51759,-71.43379,,,,,,0
MSG,3,111,11111,A36898,111111,2018/08/24,21:51:37.405,2018/08/24,21:51:37.377,,9800,,,42.51611,-71.42659,,,,,,0
MSG,3,111,11111,76CD6E,111111,2018/08/24,21:51:38.441,2018/08/24,21:51:38.424,,35575,,,42.58832,-71.37218,,,,,,0
MSG,3,111,11111,A36898,111111,2018/08/24,21:51:38.835,2018/08/24,21:51:38.818,,9775,,,42.51553,-71.42393,,,,,,0
MSG,3,111,11111,A36898,111111,2018/08/24,21:51:39.935,2018/08/24,21:51:39.931,,9750,,,42.51512,-71.42193,,,,,,0
MSG,3,111,11111,A36898,111111,2018/08/24,21:51:41.505,2018/08/24,21:51:41.504,,9725,,,42.51453,-71.41905,,,,,,0
MSG,3,111,11111,A36898,111111,2018/08/24,21:51:44.655,2018/08/24,21:51:44.650,,9650,,,42.51329,-71.41332,,,,,,0
MSG,3,111,11111,A36898,111111,2018/08/24,21:51:47.035,2018/08/24,21:51:47.010,,9600,,,42.51242,-71.40895,,,,,,0
MSG,3,111,11111,A36898,111111,2018/08/24,21:51:50.415,2018/08/24,21:51:50.354,,9475,,,42.51114,-71.40277,,,,,,0
MSG,3,111,11111,A36898,111111,2018/08/24,21:51:54.025,2018/08/24,21:51:54.022,,9375,,,42.50977,-71.39628,,,,,,0
MSG,3,111,11111,A36898,111111,2018/08/24,21:51:54.604,2018/08/24,21:51:54.548,,9375,,,42.50955,-71.39523,,,,,,0
MSG,3,111,11111,A36898,111111,2018/08/24,21:51:56.074,2018/08/24,21:51:56.053,,9325,,,42.50899,-71.39255,,,,,,0
MSG,3,111,11111,76CD6E,111111,2018/08/24,21:51:56.592,2018/08/24,21:51:56.577,,35975,,,42.61927,-71.33385,,,,,,0
MSG,3,111,11111,A36898,111111,2018/08/24,21:51:57.575,2018/08/24,21:51:57.560,,9300,,,42.50843,-71.38980,,,,,,0
MSG,3,111,11111,A36898,111111,2018/08/24,21:51:58.155,2018/08/24,21:51:58.150,,9275,,,42.50821,-71.38879,,,,,,0
MSG,3,111,11111,A36898,111111,2018/08/24,21:51:59.155,2018/08/24,21:51:59.133,,9250,,,42.50784,-71.38698,,,,,,0
MSG,3,111,11111,A36898,111111,2018/08/24,21:52:00.125,2018/08/24,21:52:00.116,,9250,,,42.50748,-71.38517,,,,,,0
MSG,3,111,11111,A36898,111111,2018/08/24,21:52:01.145,2018/08/24,21:52:01.101,,9225,,,42.50711,-71.38335,,,,,,0
MSG,3,111,11111,A36898,111111,2018/08/24,21:52:01.715,2018/08/24,21:52:01.690,,9200,,,42.50688,-71.38229,,,,,,0
MSG,3,111,11111,A36898,111111,2018/08/24,21:52:04.315,2018/08/24,21:52:04.311,,9150,,,42.50592,-71.37761,,,,,,0
MSG,3,111,11111,A36898,111111,2018/08/24,21:52:04.854,2018/08/24,21:52:04.835,,9150,,,42.50574,-71.37668,,,,,,0
MSG,3,111,11111,A36898,111111,2018/08/24,21:52:07.654,2018/08/24,21:52:07.653,,9100,,,42.50468,-71.37162,,,,,,0
MSG,3,111,11111,A36898,111111,2018/08/24,21:52:08.185,2018/08/24,21:52:08.177,,9100,,,42.50447,-71.37064,,,,,,0
MSG,3,111,11111,A36898,111111,2018/08/24,21:52:08.605,2018/08/24,21:52:08.572,,9075,,,42.50433,-71.36993,,,,,,0
MSG,3,111,11111,A36898,111111,2018/08/24,21:52:09.075,2018/08/24,21:52:09.031,,9075,,,42.50415,-71.36904,,,,,,0
MSG,3,111,11111,A36898,111111,2018/08/24,21:52:09.544,2018/08/24,21:52:09.490,,9075,,,42.50395,-71.36825,,,,,,0
MSG,3,111,11111,A36898,111111,2018/08/24,21:52:09.974,2018/08/24,21:52:09.948,,9050,,,42.50378,-71.36744,,,,,,0
MSG,3,111,11111,A36898,111111,2018/08/24,21:52:11.045,2018/08/24,21:52:10.997,,9025,,,42.50340,-71.36556,,,,,,0
MSG,3,111,11111,76CD6E,111111,2018/08/24,21:52:12.155,2018/08/24,21:52:12.110,,36275,,,42.64572,-71.30114,,,,,,0
MSG,3,111,11111,A36898,111111,2018/08/24,21:52:12.584,2018/08/24,21:52:12.568,,9000,,,42.50284,-71.36278,,,,,,0
MSG,3,111,11111,A36898,111111,2018/08/24,21:52:13.605,2018/08/24,21:52:13.553,,8975,,,42.50247,-71.36099,,,,,,0
MSG,3,111,11111,A36898,111111,2018/08/24,21:52:15.115,2018/08/24,21:52:15.061,,8925,,,42.50189,-71.35826,,,,,,0
MSG,3,111,11111,A36898,111111,2018/08/24,21:52:15.675,2018/08/24,21:52:15.649,,8925,,,42.50168,-71.35722,,,,,,0
MSG,3,111,11111,A36898,111111,2018/08/24,21:52:17.185,2018/08/24,21:52:17.157,,8875,,,42.50112,-71.35454,,,,,,0
MSG,3,111,11111,A36898,111111,2018/08/24,21:52:22.845,2018/08/24,21:52:22.792,,8700,,,42.49905,-71.34447,,,,,,0
MSG,3,111,11111,A36898,111111,2018/08/24,21:52:23.695,2018/08/24,21:52:23.644,,8675,,,42.49875,-71.34292,,,,,,0
MSG,3,111,11111,A36898,111111,2018/08/24,21:52:24.125,2018/08/24,21:52:24.103,,8675,,,42.49855,-71.34216,,,,,,0
MSG,3,111,11111,A36898,111111,2018/08/24,21:52:24.525,2018/08/24,21:52:24.497,,8675,,,42.49841,-71.34141,,,,,,0
MSG,3,111,11111,A36898,111111,2018/08/24,21:52:25.695,2018/08/24,21:52:25.676,,8625,,,42.49800,-71.33934,,,,,,0
MSG,3,111,11111,A36898,111111,2018/08/24,21:52:30.365,2018/08/24,21:52:30.330,,8500,,,42.49633,-71.33091,,,,,,0
MSG,3,111,11111,A46D26,111111,2018/08/24,21:52:33.243,2018/08/24,21:52:33.212,,11525,,,42.54749,-71.57861,,,,,,0
MSG,3,111,11111,A46D26,111111,2018/08/24,21:52:34.258,2018/08/24,21:52:34.196,,11500,,,42.54712,-71.57655,,,,,,0
MSG,3,111,11111,A36898,111111,2018/08/24,21:52:36.324,2018/08/24,21:52:36.292,,8350,,,42.49420,-71.32025,,,,,,0
MSG,3,111,11111,A36898,111111,2018/08/24,21:52:36.784,2018/08/24,21:52:36.752,,8350,,,42.49400,-71.31947,,,,,,0
MSG,3,111,11111,A36898,111111,2018/08/24,21:52:37.365,2018/08/24,21:52:37.341,,8325,,,42.49381,-71.31839,,,,,,0
MSG,3,111,11111,A36898,111111,2018/08/24,21:52:38.275,2018/08/24,21:52:38.259,,8325,,,42.49349,-71.31679,,,,,,0
MSG,3,111,11111,A36898,111111,2018/08/24,21:52:39.195,2018/08/24,21:52:39.176,,8300,,,42.49316,-71.31519,,,,,,0
MSG,3,111,11111,A36898,111111,2018/08/24,21:52:40.265,2018/08/24,21:52:40.226,,8275,,,42.49279,-71.31321,,,,,,0
MSG,3,111,11111,A36898,111111,2018/08/24,21:52:41.294,2018/08/24,21:52:41.274,,8250,,,42.49242,-71.31143,,,,,,0
MSG,3,111,11111,A46D26,111111,2018/08/24,21:52:41.444,2018/08/24,21:52:41.405,,11300,,,42.54419,-71.56207,,,,,,0
MSG,3,111,11111,A46D26,111111,2018/08/24,21:52:42.299,2018/08/24,21:52:42.258,,11275,,,42.54387,-71.56045,,,,,,0
MSG,3,111,11111,A36898,111111,2018/08/24,21:52:45.254,2018/08/24,21:52:45.207,,8200,,,42.49104,-71.30445,,,,,,0
MSG,3,111,11111,A36898,111111,2018/08/24,21:52:47.275,2018/08/24,21:52:47.238,,8150,,,42.49032,-71.30082,,,,,,0
MSG,3,111,11111,A36898,111111,2018/08/24,21:52:49.925,2018/08/24,21:52:49.924,,8125,,,42.48940,-71.29615,,,,,,0
MSG,3,111,11111,A46D26,111111,2018/08/24,21:52:50.499,2018/08/24,21:52:50.449,,11050,,,42.54048,-71.54403,,,,,,0
MSG,3,111,11111,A46D26,111111,2018/08/24,21:52:51.804,2018/08/24,21:52:51.760,,11025,,,42.53993,-71.54141,,,,,,0
MSG,3,111,11111,A46D26,111111,2018/08/24,21:52:52.379,2018/08/24,21:52:52.349,,11000,,,42.53970,-71.54022,,,,,,0
MSG,3,111,11111,A46D26,111111,2018/08/24,21:52:55.464,2018/08/24,21:52:55.430,,10925,,,42.53842,-71.53404,,,,,,0
MSG,3,111,11111,A46D26,111111,2018/08/24,21:53:00.540,2018/08/24,21:53:00.540,,10800,,,42.53627,-71.52387,,,,,,0
MSG,3,111,11111,A46D26,111111,2018/08/24,21:53:02.700,2018/08/24,21:53:02.640,,10725,,,42.53540,-71.51975,,,,,,0
MSG,3,111,11111,A46D26,111111,2018/08/24,21:53:14.579,2018/08/24,21:53:14.566,,10400,,,42.53045,-71.49621,,,,,,0
MSG,3,111,11111,A46D26,111111,2018/08/24,21:53:16.659,2018/08/24,21:53:16.599,,10350,,,42.52957,-71.49206,,,,,,0
MSG,3,111,11111,A46D26,111111,2018/08/24,21:53:17.604,2018/08/24,21:53:17.580,,10325,,,42.52922,-71.49028,,,,,,0
MSG,3,111,11111,A46D26,111111,2018/08/24,21:53:20.700,2018/08/24,21:53:20.661,,10225,,,42.52794,-71.48417,,,,,,0
MSG,3,111,11111,A46D26,111111,2018/08/24,21:53:21.104,2018/08/24,21:53:21.055,,10225,,,42.52771,-71.48317,,,,,,0
MSG,3,111,11111,A46D26,111111,2018/08/24,21:53:21.524,2018/08/24,21:53:21.512,,10200,,,42.52757,-71.48242,,,,,,0
MSG,3,111,11111,A46D26,111111,2018/08/24,21:53:22.500,2018/08/24,21:53:22.495,,10175,,,42.52719,-71.48063,,,,,,0
MSG,3,111,11111,A46D26,111111,2018/08/24,21:53:24.300,2018/08/24,21:53:24.266,,10150,,,42.52640,-71.47692,,,,,,0
MSG,3,111,11111,A46D26,111111,2018/08/24,21:53:25.754,2018/08/24,21:53:25.708,,10125,,,42.52584,-71.47418,,,,,,0
MSG,3,111,11111,A46D26,111111,2018/08/24,21:53:27.345,2018/08/24,21:53:27.344,,10100,,,42.52519,-71.47106,,,,,,0
MSG,3,111,11111,A46D26,111111,2018/08/24,21:53:28.341,2018/08/24,21:53:28.328,,10100,,,42.52482,-71.46926,,,,,,0
MSG,3,111,11111,A46D26,111111,2018/08/24,21:53:30.419,2018/08/24,21:53:30.362,,10075,,,42.52391,-71.46500,,,,,,0
MSG,3,111,11111,A46D26,111111,2018/08/24,21:53:35.825,2018/08/24,21:53:35.799,,10025,,,42.52176,-71.45464,,,,,,0
MSG,3,111,11111,A46D26,111111,2018/08/24,21:53:38.260,2018/08/24,21:53:38.225,,10000,,,42.52081,-71.45022,,,,,,0
MSG,3,111,11111,A46D26,111111,2018/08/24,21:53:41.205,2018/08/24,21:53:41.173,,9975,,,42.51961,-71.44434,,,,,,0
MSG,3,111,11111,A46D26,111111,2018/08/24,21:53:42.300,2018/08/24,21:53:42.287,,9950,,,42.51924,-71.44247,,,,,,0
MSG,3,111,11111,A46D26,111111,2018/08/24,21:53:44.025,2018/08/24,21:53:43.993,,9925,,,42.51853,-71.43905,,,,,,0
MSG,3,111,11111,A46D26,111111,2018/08/24,21:53:44.459,2018/08/24,21:53:44.449,,9925,,,42.51835,-71.43834,,,,,,0
MSG,3,111,11111,A46D26,111111,2018/08/24,21:53:45.485,2018/08/24,21:53:45.434,,9925,,,42.51797,-71.43643,,,,,,0
MSG,3,111,11111,A46D26,111111,2018/08/24,21:53:47.624,2018/08/24,21:53:47.596,,9900,,,42.51714,-71.43236,,,,,,0
MSG,3,111,11111,A46D26,111111,2018/08/24,21:53:49.564,2018/08/24,21:53:49.561,,9875,,,42.51639,-71.42883,,,,,,0
MSG,3,111,11111,A46D26,111111,2018/08/24,21:53:52.065,2018/08/24,21:53:52.051,,9850,,,42.51546,-71.42416,,,,,,0
MSG,3,111,11111,A46D26,111111,2018/08/24,21:53:53.644,2018/08/24,21:53:53.625,,9850,,,42.51485,-71.42143,,,,,,0
MSG,3,111,11111,A46D26,111111,2018/08/24,21:53:57.005,2018/08/24,21:53:56.967,,9825,,,42.51355,-71.41503,,,,,,0
MSG,3,111,11111,A46D26,111111,2018/08/24,21:53:57.995,2018/08/24,21:53:57.951,,9800,,,42.51320,-71.41338,,,,,,0
MSG,3,111,11111,A46D26,111111,2018/08/24,21:53:58.460,2018/08/24,21:53:58.410,,9800,,,42.51299,-71.41247,,,,,,0
MSG,3,111,11111,A46D26,111111,2018/08/24,21:54:02.500,2018/08/24,21:54:02.472,,9775,,,42.51151,-71.40527,,,,,,0
MSG,3,111,11111,A46D26,111111,2018/08/24,21:54:03.545,2018/08/24,21:54:03.521,,9750,,,42.51114,-71.40345,,,,,,0
MSG,3,111,11111,A46D26,111111,2018/08/24,21:54:09.805,2018/08/24,21:54:09.748,,9700,,,42.50880,-71.39223,,,,,,0
MSG,3,111,11111,A46D26,111111,2018/08/24,21:54:10.740,2018/08/24,21:54:10.729,,9700,,,42.50848,-71.39066,,,,,,0
MSG,3,111,11111,A46D26,111111,2018/08/24,21:54:11.625,2018/08/24,21:54:11.583,,9675,,,42.50811,-71.38890,,,,,,0
MSG,3,111,11111,A46D26,111111,2018/08/24,21:54:12.740,2018/08/24,21:54:12.696,,9675,,,42.50773,-71.38712,,,,,,0
MSG,3,111,11111,A46D26,111111,2018/08/24,21:54:15.825,2018/08/24,21:54:15.777,,9600,,,42.50662,-71.38169,,,,,,0
MSG,3,111,11111,A46D26,111111,2018/08/24,21:54:18.336,2018/08/24,21:54:18.331,,9550,,,42.50568,-71.37728,,,,,,0
MSG,3,111,11111,A46D26,111111,2018/08/24,21:54:19.905,2018/08/24,21:54:19.904,,9525,,,42.50508,-71.37434,,,,,,0
MSG,3,111,11111,A46D26,111111,2018/08/24,21:54:22.395,2018/08/24,21:54:22.394,,9475,,,42.50424,-71.37013,,,,,,0
MSG,3,111,11111,A46D26,111111,2018MSG,3,111,11111,4005D2,111111,2018/08/24,22:23:11.135,2018/08/24,22:23:11.117,,37000,,,42.36003,-71.49771,,,,,,0
MSG,3,111,11111,4005D2,111111,2018/08/24,22:23:53.123,2018/08/24,22:23:53.063,,37000,,,42.43643,-71.41875,,,,,,0
MSG,3,111,11111,4005D2,111111,2018/08/24,22:23:56.915,2018/08/24,22:23:56.863,,37000,,,42.44330,-71.41120,,,,,,0
MSG,3,111,11111,4005D2,111111,2018/08/24,22:24:06.047,2018/08/24,22:24:06.036,,37000,,,42.45992,-71.39421,,,,,,0
MSG,3,111,11111,4005D2,111111,2018/08/24,22:24:22.074,2018/08/24,22:24:22.029,,37000,,,42.48907,-71.36393,,,,,,0
MSG,3,111,11111,4005D2,111111,2018/08/24,22:24:24.055,2018/08/24,22:24:23.995,,37000,,,42.49265,-71.36023,,,,,,0
MSG,3,111,11111,4005D2,111111,2018/08/24,22:24:39.192,2018/08/24,22:24:39.134,,37000,,,42.52016,-71.33204,,,,,,0
MSG,3,111,11111,4005D2,111111,2018/08/24,22:24:40.302,2018/08/24,22:24:40.248,,37000,,,42.52216,-71.33014,,,,,,0
MSG,3,111,11111,4005D2,111111,2018/08/24,22:24:41.354,2018/08/24,22:24:41.296,,37000,,,42.52409,-71.32811,,,,,,0
MSG,3,111,11111,4005D2,111111,2018/08/24,22:24:42.263,2018/08/24,22:24:42.214,,37000,,,42.52575,-71.32624,,,,,,0
MSG,3,111,11111,4005D2,111111,2018/08/24,22:24:43.354,2018/08/24,22:24:43.327,,37000,,,42.52771,-71.32437,,,,,,0
MSG,3,111,11111,4005D2,111111,2018/08/24,22:24:44.304,2018/08/24,22:24:44.244,,37000,,,42.52943,-71.32254,,,,,,0
MSG,3,111,11111,4005D2,111111,2018/08/24,22:24:46.495,2018/08/24,22:24:46.473,,37000,,,42.53343,-71.31694,,,,,,0
MSG,3,111,11111,4005D2,111111,2018/08/24,22:24:52.778,2018/08/24,22:24:52.764,,37000,,,42.54483,-71.30545,,,,,,0
MSG,3,111,11111,4005D2,111111,2018/08/24,22:25:03.683,2018/08/24,22:25:03.644,,37000,,,42.56467,-71.28466,,,,,,0
MSG,3,111,11111,4005D2,111111,2018/08/24,22:25:04.643,2018/08/24,22:25:04.626,,37000,,,42.56639,-71.28285,,,,,,0
MSG,3,111,11111,4005D2,111111,2018/08/24,22:25:08.544,2018/08/24,22:25:08.494,,37000,,,42.57349,-71.27530,,,,,,0
MSG,3,111,11111,4005D2,111111,2018/08/24,22:25:09.695,2018/08/24,22:25:09.672,,37000,,,42.57556,-71.27348,,,,,,0
MSG,3,111,11111,4005D2,111111,2018/08/24,22:25:10.786,2018/08/24,22:25:10.785,,37000,,,42.57756,-71.27143,,,,,,0
MSG,3,111,11111,4005D2,111111,2018/08/24,22:25:27.622,2018/08/24,22:25:27.565,,37000,,,42.60815,-71.23938,,,,,,0
MSG,3,111,11111,4005D2,111111,2018/08/24,22:25:30.523,2018/08/24,22:25:30.511,,37000,,,42.61340,-71.23367,,,,,,0
MSG,3,111,11111,4005D2,111111,2018/08/24,22:25:36.596,2018/08/24,22:25:36.543,,37000,,,42.62444,-71.22237,,,,,,0
MSG,3,111,11111,4005D2,111111,2018/08/24,22:25:44.950,2018/08/24,22:25:44.930,,37000,,,42.63963,-71.20707,,,,,,0
MSG,3,111,11111,4005D2,111111,2018/08/24,22:25:45.831,2018/08/24,22:25:45.783,,37000,,,42.64120,-71.20520,,,,,,0
MSG,3,111,11111,406A9D,111111,2018/08/24,22:27:22.612,2018/08/24,22:27:22.579,,38975,,,42.49100,-71.54453,,,,,,0
MSG,3,111,11111,406A9D,111111,2018/08/24,22:27:24.832,2018/08/24,22:27:24.806,,39000,,,42.49480,-71.53979,,,,,,0
MSG,3,111,11111,406A9D,111111,2018/08/24,22:27:25.783,2018/08/24,22:27:25.725,,39000,,,42.49654,-71.53766,,,,,,0
MSG,3,111,11111,406A9D,111111,2018/08/24,22:27:31.883,2018/08/24,22:27:31.884,,39000,,,42.50703,-71.52451,,,,,,0
MSG,3,111,11111,406A9D,111111,2018/08/24,22:27:34.972,2018/08/24,22:27:34.964,,39000,,,42.51237,-71.51787,,,,,,0
MSG,3,111,11111,406A9D,111111,2018/08/24,22:27:41.153,2018/08/24,22:27:41.125,,39000,,,42.52291,-71.50471,,,,,,0
MSG,3,111,11111,406A9D,111111,2018/08/24,22:27:49.703,2018/08/24,22:27:49.646,,39000,,,42.53776,-71.48618,,,,,,0
MSG,3,111,11111,406A9D,111111,2018/08/24,22:27:54.933,2018/08/24,22:27:54.889,,38975,,,42.54674,-71.47494,,,,,,0
MSG,3,111,11111,406A9D,111111,2018/08/24,22:28:02.023,2018/08/24,22:28:01.967,,39000,,,42.55902,-71.45957,,,,,,0
MSG,3,111,11111,406A9D,111111,2018/08/24,22:28:03.053,2018/08/24,22:28:03.014,,39000,,,42.56076,-71.45745,,,,,,0
MSG,3,111,11111,406A9D,111111,2018/08/24,22:28:10.063,2018/08/24,22:28:10.027,,38975,,,42.57289,-71.44228,,,,,,0
MSG,3,111,11111,406A9D,111111,2018/08/24,22:28:13.234,2018/08/24,22:28:13.174,,39000,,,42.57843,-71.43535,,,,,,0
MSG,3,111,11111,406A9D,111111,2018/08/24,22:28:14.223,2018/08/24,22:28:14.220,,39000,,,42.58012,-71.43317,,,,,,0
MSG,3,111,11111,406A9D,111111,2018/08/24,22:28:22.623,2018/08/24,22:28:22.608,,39000,,,42.59468,-71.41500,,,,,,0
MSG,3,111,11111,400678,111111,2018/08/24,22:32:50.860,2018/08/24,22:32:50.846,,37000,,,42.52994,-71.76653,,,,,,0
MSG,3,111,11111,400678,111111,2018/08/24,22:32:51.770,2018/08/24,22:32:51.763,,37000,,,42.53174,-71.76482,,,,,,0
MSG,3,111,11111,400678,111111,2018/08/24,22:32:54.911,2018/08/24,22:32:54.909,,37000,,,42.53799,-71.76001,,,,,,0
MSG,3,111,11111,400678,111111,2018/08/24,22:33:05.832,2018/08/24,22:33:05.790,,37000,,,42.55962,-71.74178,,,,,,0
MSG,3,111,11111,400678,111111,2018/08/24,22:33:29.615,2018/08/24,22:33:29.579,,37000,,,42.60667,-71.70215,,,,,,0
MSG,3,111,11111,400678,111111,2018/08/24,22:33:39.516,2018/08/24,22:33:39.475,,37000,,,42.62627,-71.68567,,,,,,0
MSG,3,111,11111,400678,111111,2018/08/24,22:34:06.909,2018/08/24,22:34:06.869,,37000,,,42.68049,-71.64102,,,,,,0
MSG,3,111,11111,ABB6B5,111111,2018/08/24,22:50:26.454,2018/08/24,22:50:26.449,,34000,,,42.52245,-71.27699,,,,,,0
MSG,3,111,11111,ABB6B5,111111,2018/08/24,22:50:27.344,2018/08/24,22:50:27.303,,34000,,,42.52179,-71.27936,,,,,,0
MSG,3,111,11111,ABB6B5,111111,2018/08/24,22:50:33.314,2018/08/24,22:50:33.267,,34000,,,42.51732,-71.29559,,,,,,0
MSG,3,111,11111,ABB6B5,111111,2018/08/24,22:50:38.165,2018/08/24,22:50:38.116,,34000,,,42.51364,-71.30881,,,,,,0
MSG,3,111,11111,ABB6B5,111111,2018/08/24,22:50:40.065,2018/08/24,22:50:40.017,,34000,,,42.51225,-71.31398,,,,,,0
MSG,3,111,11111,ABB6B5,111111,2018/08/24,22:50:48.055,2018/08/24,22:50:48.012,,34000,,,42.50620,-71.33573,,,,,,0
MSG,3,111,11111,ABB6B5,111111,2018/08/24,22:50:57.137,2018/08/24,22:50:57.120,,34000,,,42.49937,-71.36051,,,,,,0
MSG,3,111,11111,AA6C50,111111,2018/08/24,22:51:06.115,2018/08/24,22:51:06.098,,31000,,,42.21117,-71.52012,,,,,,0
MSG,3,111,11111,ABB6B5,111111,2018/08/24,22:51:09.278,2018/08/24,22:51:09.245,,34000,,,42.49017,-71.39372,,,,,,0
MSG,3,111,11111,ABB6B5,111111,2018/08/24,22:51:13.358,2018/08/24,22:51:13.308,,34000,,,42.48706,-71.40483,,,,,,0
MSG,3,111,11111,ABB6B5,111111,2018/08/24,22:51:16.459,2018/08/24,22:51:16.452,,34000,,,42.48473,-71.41332,,,,,,0
MSG,3,111,11111,ABB6B5,111111,2018/08/24,22:51:17.339,2018/08/24,22:51:17.305,,34000,,,42.48404,-71.41569,,,,,,0
MSG,3,111,11111,ABB6B5,111111,2018/08/24,22:51:23.219,2018/08/24,22:51:23.203,,34000,,,42.47960,-71.43179,,,,,,0
MSG,3,111,11111,ABB6B5,111111,2018/08/24,22:51:24.279,2018/08/24,22:51:24.252,,34000,,,42.47878,-71.43467,,,,,,0
MSG,3,111,11111,AA6C50,111111,2018/08/24,22:51:31.680,2018/08/24,22:51:31.658,,31000,,,42.24536,-71.45483,,,,,,0
MSG,3,111,11111,ABB6B5,111111,2018/08/24,22:51:33.030,2018/08/24,22:51:32.968,,34000,,,42.47212,-71.45859,,,,,,0
MSG,3,111,11111,AA6C50,111111,2018/08/24,22:51:33.591,2018/08/24,22:51:33.558,,31000,,,42.24792,-71.45003,,,,,,0
MSG,3,111,11111,AA6C50,111111,2018/08/24,22:51:35.656,2018/08/24,22:51:35.654,,31000,,,42.25058,-71.44490,,,,,,0
MSG,3,111,11111,AA6C50,111111,2018/08/24,22:51:36.666,2018/08/24,22:51:36.638,,31000,,,42.25191,-71.44234,,,,,,0
MSG,3,111,11111,ABB6B5,111111,2018/08/24,22:51:40.971,2018/08/24,22:51:40.963,,34000,,,42.46607,-71.48024,,,,,,0
MSG,3,111,11111,AA6C50,111111,2018/08/24,22:51:41.611,2018/08/24,22:51:41.555,,31000,,,42.25864,-71.42961,,,,,,0
MSG,3,111,11111,AA6C50,111111,2018/08/24,22:51:50.786,2018/08/24,22:51:50.728,,31000,,,42.27095,-71.40614,,,,,,0
MSG,3,111,11111,AA6C50,111111,2018/08/24,22:51:52.775,2018/08/24,22:51:52.759,,31000,,,42.27361,-71.40102,,,,,,0
MSG,3,111,11111,ABB6B5,111111,2018/08/24,22:51:59.923,2018/08/24,22:51:59.903,,34000,,,42.45158,-71.53211,,,,,,0
MSG,3,111,11111,ABB6B5,111111,2018/08/24,22:52:01.043,2018/08/24,22:52:01.018,,34000,,,42.45071,-71.53517,,,,,,0
MSG,3,111,11111,AA6C50,111111,2018/08/24,22:52:02.346,2018/08/24,22:52:02.328,,31000,,,42.28638,-71.37677,,,,,,0
MSG,3,111,11111,ABB6B5,111111,2018/08/24,22:52:04.863,2018/08/24,22:52:04.820,,34000,,,42.44783,-71.54559,,,,,,0
MSG,3,111,11111,AA6C50,111111,2018/08/24,22:52:09.741,2018/08/24,22:52:09.733,,31000,,,42.29625,-71.35786,,,,,,0
MSG,3,111,11111,ABB6B5,111111,2018/08/24,22:52:12.914,2018/08/24,22:52:12.881,,34000,,,42.44168,-71.56762,,,,,,0
MSG,3,111,11111,ABB6B5,111111,2018/08/24,22:52:14.895,2018/08/24,22:52:14.846,,34000,,,42.44014,-71.57305,,,,,,0
MSG,3,111,11111,ABB6B5,111111,2018/08/24,22:52:24.195,2018/08/24,22:52:24.152,,34000,,,42.43302,-71.59848,,,,,,0
MSG,3,111,11111,ABB6B5,111111,2018/08/24,22:52:25.285,2018/08/24,22:52:25.265,,34000,,,42.43217,-71.60146,,,,,,0
MSG,3,111,11111,ABB6B5,111111,2018/08/24,22:52:30.566,2018/08/24,22:52:30.510,,34000,,,42.42815,-71.61594,,,,,,0
MSG,3,111,11111,ABB6B5,111111,2018/08/24,22:52:35.706,2018/08/24,22:52:35.686,,34000,,,42.42416,-71.62999,,,,,,0
MSG,3,111,11111,ABB6B5,111111,2018/08/24,22:52:39.846,2018/08/24,22:52:39.815,,34000,,,42.42101,-71.64128,,,,,,0
MSG,3,111,11111,ABB6B5,111111,2018/08/24,22:52:40.867,2018/08/24,22:52:40.862,,34000,,,42.42023,-71.64409,,,,,,0
MSG,3,111,11111,AA6C50,111111,2018/08/24,22:52:48.262,2018/08/24,22:52:48.205,,31000,,,42.34783,-71.25930,,,,,,0
MSG,3,111,11111,ABB6B5,111111,2018/08/24,22:52:48.427,2018/08/24,22:52:48.400,,34000,,,42.41441,-71.66475,,,,,,0
MSG,3,111,11111,ABB6B5,111111,2018/08/24,22:52:51.608,2018/08/24,22:52:51.546,,34000,,,42.41194,-71.67349,,,,,,0
MSG,3,111,11111,ABB6B5,111111,2018/08/24,22:52:57.379,2018/08/24,22:52:57.377,,34000,,,42.40751,-71.68924,,,,,,0
MSG,3,111,11111,ABB6B5,111111,2018/08/24,22:52:58.318,2018/08/24,22:52:58.294,,34000,,,42.40676,-71.69180,,,,,,0
MSG,3,111,11111,ABB6B5,111111,2018/08/24,22:53:00.408,2018/08/24,22:53:00.392,,34000,,,42.40517,-71.69753,,,,,,0
MSG,3,111,11111,ABB6B5,111111,2018/08/24,22:53:02.589,2018/08/24,22:53:02.556,,34000,,,42.40347,-71.70346,,,,,,0
MSG,3,111,11111,4B187F,111111,2018/08/24,22:57:51.418,2018/08/24,22:57:51.372,,32375,,,42.28670,-71.53332,,,,,,0
MSG,3,111,11111,4B187F,111111,2018/08/24,22:57:53.419,2018/08/24,22:57:53.402,,32425,,,42.28996,-71.52828,,,,,,0
MSG,3,111,11111,AD64CD,111111,2018/08/24,22:58:09.356,2018/08/24,22:58:09.328,,11750,,,42.55070,-71.59611,,,,,,0
MSG,3,111,11111,AD64CD,111111,2018/08/24,22:58:10.976,2018/08/24,22:58:10.965,,11700,,,42.55019,-71.59284,,,,,,0
MSG,3,111,11111,4B187F,111111,2018/08/24,22:58:15.149,2018/08/24,22:58:15.096,,32850,,,42.32195,-71.47849,,,,,,0
MSG,3,111,11111,AD64CD,111111,2018/08/24,22:58:16.936,2018/08/24,22:58:16.929,,11575,,,42.54790,-71.58080,,,,,,0
MSG,3,111,11111,4B187F,111111,2018/08/24,22:58:25.169,2018/08/24,22:58:25.123,,33025,,,42.33586,-71.45689,,,,,,0
MSG,3,111,11111,AD64CD,111111,2018/08/24,22:58:26.136,2018/08/24,22:58:26.105,,11350,,,42.54418,-71.56258,,,,,,0
MSG,3,111,11111,AD64CD,111111,2018/08/24,22:58:27.072,2018/08/24,22:58:27.023,,11325,,,42.54381,-71.56079,,,,,,0
MSG,3,111,11111,4B187F,111111,2018/08/24,22:58:33.298,2018/08/24,22:58:33.249,,33175,,,42.34852,-71.43707,,,,,,0
MSG,3,111,11111,4B187F,111111,2018/08/24,22:58:34.429,2018/08/24,22:58:34.427,,33200,,,42.35001,-71.43479,,,,,,0
MSG,3,111,11111,AD64CD,111111,2018/08/24,22:58:36.221,2018/08/24,22:58:36.197,,11125,,,42.54013,-71.54297,,,,,,0
MSG,3,111,11111,4B187F,111111,2018/08/24,22:58:36.339,2018/08/24,22:58:36.328,,33250,,,42.35326,-71.42973,,,,,,0
MSG,3,111,11111,AD64CD,111111,2018/08/24,22:58:37.166,2018/08/24,22:58:37.116,,11100,,,42.53975,-71.54097,,,,,,0
MSG,3,111,11111,4B187F,111111,2018/08/24,22:58:38.378,2018/08/24,22:58:38.360,,33275,,,42.35619,-71.42512,,,,,,0
MSG,3,111,11111,AD64CD,111111,2018/08/24,22:58:41.261,2018/08/24,22:58:41.243,,11025,,,42.53808,-71.53300,,,,,,0
MSG,3,111,11111,4B187F,111111,2018/08/24,22:58:41.438,2018/08/24,22:58:41.439,,33350,,,42.36091,-71.41778,,,,,,0
MSG,3,111,11111,AD64CD,111111,2018/08/24,22:58:42.286,2018/08/24,22:58:42.228,,11000,,,42.53769,-71.53111,,,,,,0
MSG,3,111,11111,AD64CD,111111,2018/08/24,22:58:45.236,2018/08/24,22:58:45.178,,10925,,,42.53650,-71.52528,,,,,,0
MSG,3,111,11111,AD64CD,111111,2018/08/24,22:58:47.662,2018/08/24,22:58:47.602,,10875,,,42.53554,-71.52068,,,,,,0
MSG,3,111,11111,AD64CD,111111,2018/08/24,22:58:48.161,2018/08/24,22:58:48.124,,10875,,,42.53534,-71.51972,,,,,,0
MSG,3,111,11111,AD64CD,111111,2018/08/24,22:58:49.286,2018/08/24,22:58:49.240,,10850,,,42.53487,-71.51761,,,,,,0
MSG,3,111,11111,4B187F,111111,2018/08/24,22:58:51.429,2018/08/24,22:58:51.401,,33525,,,42.37473,-71.39619,,,,,,0
MSG,3,111,11111,AD64CD,111111,2018/08/24,22:58:56.461,2018/08/24,22:58:56.446,,10700,,,42.53199,-71.50381,,,,,,0
MSG,3,111,11111,AD64CD,111111,2018/08/24,22:58:57.336,2018/08/24,22:58:57.300,,10675,,,42.53165,-71.50208,,,,,,0
MSG,3,111,11111,AD64CD,111111,2018/08/24,22:58:58.336,2018/08/24,22:58:58.284,,10650,,,42.53124,-71.50017,,,,,,0
MSG,3,111,11111,AD64CD,111111,2018/08/24,22:59:01.946,2018/08/24,22:59:01.887,,10575,,,42.52980,-71.49334,,,,,,0
MSG,3,111,11111,AD64CD,111111,2018/08/24,22:59:03.566,2018/08/24,22:59:03.526,,10550,,,42.52919,-71.49027,,,,,,0
MSG,3,111,11111,AD64CD,111111,2018/08/24,22:59:04.456,2018/08/24,22:59:04.443,,10525,,,42.52882,-71.48855,,,,,,0
MSG,3,111,11111,AD64CD,111111,2018/08/24,22:59:05.836,2018/08/24,22:59:05.818,,10500,,,42.52826,-71.48591,,,,,,0
MSG,3,111,11111,AD64CD,111111,2018/08/24,22:59:08.336,2018/08/24,22:59:08.309,,10450,,,42.52728,-71.48120,,,,,,0
MSG,3,111,11111,4B187F,111111,2018/08/24,22:59:08.429,2018/08/24,22:59:08.376,,33800,,,42.39917,-71.35807,,,,,,0
MSG,3,111,11111,AD64CD,111111,2018/08/24,22:59:09.662,2018/08/24,22:59:09.621,,10400,,,42.52679,-71.47874,,,,,,0
MSG,3,111,11111,4B187F,111111,2018/08/24,22:59:10.350,2018/08/24,22:59:10.340,,33825,,,42.40237,-71.35302,,,,,,0
MSG,3,111,11111,4B187F,111111,2018/08/24,22:59:12.439,2018/08/24,22:59:12.437,,33850,,,42.40560,-71.34796,,,,,,0
MSG,3,111,11111,AD64CD,111111,2018/08/24,22:59:14.082,2018/08/24,22:59:14.075,,10325,,,42.52505,-71.47043,,,,,,0
MSG,3,111,11111,AD64CD,111111,2018/08/24,22:59:15.257,2018/08/24,22:59:15.255,,10275,,,42.52458,-71.46817,,,,,,0
MSG,3,111,11111,AD64CD,111111,2018/08/24,22:59:22.396,2018/08/24,22:59:22.336,,10100,,,42.52180,-71.45495,,,,,,0
MSG,3,111,11111,AD64CD,111111,2018/08/24,22:59:23.551,2018/08/24,22:59:23.514,,10075,,,42.52133,-71.45271,,,,,,0
MSG,3,111,11111,AD64CD,111111,2018/08/24,22:59:25.861,2018/08/24,22:59:25.808,,10025,,,42.52043,-71.44846,,,,,,0
MSG,3,111,11111,AD64CD,111111,2018/08/24,22:59:28.311,2018/08/24,22:59:28.297,,9975,,,42.51947,-71.44397,,,,,,0
MSG,3,111,11111,AD64CD,111111,2018/08/24,22:59:29.326,2018/08/24,22:59:29.282,,9950,,,42.51906,-71.44197,,,,,,0
MSG,3,111,11111,AD64CD,111111,2018/08/24,22:59:30.252,2018/08/24,22:59:30.200,,9950,,,42.51869,-71.44028,,,,,,0
MSG,3,111,11111,AD64CD,111111,2018/08/24,22:59:31.176,2018/08/24,22:59:31.118,,9925,,,42.51837,-71.43866,,,,,,0
MSG,3,111,11111,AD64CD,111111,2018/08/24,22:59:31.716,2018/08/24,22:59:31.705,,9925,,,42.51819,-71.43772,,,,,,0
MSG,3,111,11111,AD64CD,111111,2018/08/24,22:59:33.701,2018/08/24,22:59:33.672,,9875,,,42.51741,-71.43404,,,,,,0
MSG,3,111,11111,4B187F,111111,2018/08/24,22:59:34.178,2018/08/24,22:59:34.130,,34125,,,42.43739,-71.29827,,,,,,0
MSG,3,111,11111,AD64CD,111111,2018/08/24,22:59:34.296,2018/08/24,22:59:34.262,,9875,,,42.51718,-71.43298,,,,,,0
MSG,3,111,11111,4CAAFB,111111,2018/08/24,22:59:35.323,2018/08/24,22:59:35.310,,37000,,,42.44266,-71.78829,,,,,,0
MSG,3,111,11111,AD64CD,111111,2018/08/24,22:59:35.472,2018/08/24,22:59:35.442,,9850,,,42.51672,-71.43080,,,,,,0
MSG,3,111,11111,4B187F,111111,2018/08/24,22:59:36.078,2018/08/24,22:59:36.032,,34150,,,42.44033,-71.29367,,,,,,0
MSG,3,111,11111,AD64CD,111111,2018/08/24,22:59:36.562,2018/08/24,22:59:36.554,,9825,,,42.51627,-71.42874,,,,,,0
MSG,3,111,11111,4B187F,111111,2018/08/24,22:59:38.209,2018/08/24,22:59:38.193,,34175,,,42.44358,-71.28856,,,,,,0
MSG,3,111,11111,AD64CD,111111,2018/08/24,22:59:39.292,2018/08/24,22:59:39.243,,9775,,,42.51527,-71.42384,,,,,,0
MSG,3,111,11111,AD64CD,111111,2018/08/24,22:59:45.197,2018/08/24,22:59:45.142,,9700,,,42.51302,-71.41307,,,,,,0
MSG,3,111,11111,4B187F,111111,2018/08/24,22:59:47.938,2018/08/24,22:59:47.893,,34300,,,42.45859,-71.26500,,,,,,0
MSG,3,111,11111,4B187F,111111,2018/08/24,22:59:50.038,2018/08/24,22:59:49.991,,34325,,,42.46156,-71.26038,,,,,,0
MSG,3,111,11111,4B187F,111111,2018/08/24,22:59:51.108,2018/08/24,22:59:51.103,,34325,,,42.46330,-71.25757,,,,,,0
MSG,3,111,11111,4CAAFB,111111,2018/08/24,22:59:52.144,2018/08/24,22:59:52.088,,37000,,,42.47255,-71.75926,,,,,,0
MSG,3,111,11111,AD64CD,111111,2018/08/24,22:59:53.671,2018/08/24,22:59:53.659,,9525,,,42.50990,-71.39765,,,,,,0
MSG,3,111,11111,4CAAFB,111111,2018/08/24,22:59:55.264,2018/08/24,22:59:55.233,,37000,,,42.47827,-71.75371,,,,,,0
MSG,3,111,11111,AD64CD,111111,2018/08/24,22:59:55.676,2018/08/24,22:59:55.627,,9500,,,42.50917,-71.39403,,,,,,0
MSG,3,111,11111,AD64CD,111111,2018/08/24,22:59:58.722,2018/08/24,22:59:58.706,,9425,,,42.50806,-71.38859,,,,,,0
MSG,3,111,11111,AD64CD,111111,2018/08/24,22:59:59.656,2018/08/24,22:59:59.624,,9400,,,42.50766,-71.38679,,,,,,0
MSG,3,111,11111,AD64CD,111111,2018/08/24,23:00:00.166,2018/08/24,23:00:00.147,,9400,,,42.50750,-71.38590,,,,,,0
MSG,3,111,11111,AD64CD,111111,2018/08/24,23:00:00.722,2018/08/24,23:00:00.672,,9375,,,42.50729,-71.38479,,,,,,0
MSG,3,111,11111,4B187F,111111,2018/08/24,23:00:01.238,2018/08/24,23:00:01.196,,34450,,,42.47717,-71.23585,,,,,,0
MSG,3,111,11111,AD64CD,111111,2018/08/24,23:00:01.736,2018/08/24,23:00:01.721,,9350,,,42.50689,-71.38303,,,,,,0
MSG,3,111,11111,4B187F,111111,2018/08/24,23:00:02.238,2018/08/24,23:00:02.180,,34475,,,42.47928,-71.23260,,,,,,0
MSG,3,111,11111,4B187F,111111,2018/08/24,23:00:03.218,2018/08/24,23:00:03.163,,34475,,,42.48042,-71.23073,,,,,,0
MSG,3,111,11111,AD64CD,111111,2018/08/24,23:00:04.827,2018/08/24,23:00:04.801,,9300,,,42.50573,-71.37741,,,,,,0
MSG,3,111,11111,AD64CD,111111,2018/08/24,23:00:05.327,2018/08/24,23:00:05.324,,9300,,,42.50559,-71.37670,,,,,,0
MSG,3,111,11111,AD64CD,111111,2018/08/24,23:00:05.737,2018/08/24,23:00:05.718,,9275,,,42.50541,-71.37581,,,,,,0
MSG,3,111,11111,4CAAFB,111111,2018/08/24,23:00:06.384,2018/08/24,23:00:06.373,,37000,,,42.49786,-71.73465,,,,,,0
MSG,3,111,11111,4B187F,111111,2018/08/24,23:00:08.218,2018/08/24,23:00:08.208,,34550,,,42.48813,-71.21868,,,,,,0
MSG,3,111,11111,AD64CD,111111,2018/08/24,23:00:09.152,2018/08/24,23:00:09.126,,9200,,,42.50414,-71.36968,,,,,,0
MSG,3,111,11111,4CAAFB,111111,2018/08/24,23:00:10.035,2018/08/24,23:00:09.980,,37000,,,42.50429,-71.72839,,,,,,0
MSG,3,111,11111,4B187F,111111,2018/08/24,23:00:10.309,2018/08/24,23:00:10.305,,34575,,,42.49136,-71.21357,,,,,,0
MSG,3,111,11111,AD64CD,111111,2018/08/24,23:00:11.511,2018/08/24,23:00:11.486,,9150,,,42.50331,-71.36550,,,,,,0
MSG,3,111,11111,4CAAFB,111111,2018/08/24,23:00:12.024,2018/08/24,23:00:12.009,,37000,,,42.50787,-71.72495,,,,,,0
MSG,3,111,11111,AD64CD,111111,2018/08/24,23:00:12.041,2018/08/24,23:00:12.010,,9150,,,42.50308,-71.36444,,,,,,0
MSG,3,111,11111,AD64CD,111111,2018/08/24,23:00:12.626,2018/08/24,23:00:12.600,,9125,,,42.50284,-71.36336,,,,,,0
MSG,3,111,11111,AD64CD,111111,2018/08/24,23:00:13.181,2018/08/24,23:00:13.126,,9125,,,42.50267,-71.36244,,,,,,0
MSG,3,111,11111,4CAAFB,111111,2018/08/24,23:00:13.984,2018/08/24,23:00:13.975,,37000,,,42.51141,-71.72143,,,,,,0
MSG,3,111,11111,AD64CD,111111,2018/08/24,23:00:22.527,2018/08/24,23:00:22.496,,8925,,,42.49924,-71.34553,,,,,,0
MSG,3,111,11111,AD64CD,111111,2018/08/24,23:00:23.532,2018/08/24,23:00:23.479,,8900,,,42.49889,-71.34375,,,,,,0
MSG,3,111,11111,AD64CD,111111,2018/08/24,23:00:27.617,2018/08/24,23:00:27.607,,8825,,,42.49749,-71.33659,,,,,,0
MSG,3,111,11111,AD64CD,111111,2018/08/24,23:00:30.496,2018/08/24,23:00:30.490,,8775,,,42.49647,-71.33142,,,,,,0
MSG,3,111,11111,4B187F,111111,2018/08/24,23:00:30.749,2018/08/24,23:00:30.689,,34875,,,42.52148,-71.16625,,,,,,0
MSG,3,111,11111,AD64CD,111111,2018/08/24,23:00:33.451,2018/08/24,23:00:33.440,,8700,,,42.49544,-71.32605,,,,,,0
MSG,3,111,11111,AD64CD,111111,2018/08/24,23:00:36.996,2018/08/24,23:00:36.978,,8625,,,42.49420,-71.31981,,,,,,0
MSG,3,111,11111,AD64CD,111111,2018/08/24,23:00:38.642,2018/08/24,23:00:38.617,,8600,,,42.49363,-71.31685,,,,,,0
MSG,3,111,11111,AD64CD,111111,2018/08/24,23:00:40.956,2018/08/24,23:00:40.912,,8550,,,42.49283,-71.31276,,,,,,0
MSG,3,111,11111,406ECD,111111,2018/08/24,23:00:44.888,2018/08/24,23:00:44.844,,39000,,,42.55335,-71.36259,,,,,,0
MSG,3,111,11111,4B187F,111111,2018/08/24,23:00:45.519,2018/08/24,23:00:45.498,,35125,,,42.54272,-71.13285,,,,,,0
MSG,3,111,11111,AD64CD,111111,2018/08/24,23:00:47.451,2018/08/24,23:00:47.400,,8425,,,42.49054,-71.30133,,,,,,0
MSG,3,111,11111,AD64CD,111111,2018/08/24,23:00:48.507,2018/08/24,23:00:48.448,,8400,,,42.49018,-71.29954,,,,,,0
MSG,3,111,11111,AD64CD,111111,2018/08/24,23:00:49.401,2018/08/24,23:00:49.365,,8375,,,42.48990,-71.29795,,,,,,0
MSG,3,111,11111,4B187F,111111,2018/08/24,23:00:49.628,2018/08/24,23:00:49.626,,35175,,,42.54890,-71.12312,,,,,,0
MSG,3,111,11111,AD64CD,111111,2018/08/24,23:00:50.307,2018/08/24,23:00:50.283,,8375,,,42.48958,-71.29640,,,,,,0
MSG,3,111,11111,4CAAFB,111111,2018/08/24,23:00:52.866,2018/08/24,23:00:52.838,,37000,,,42.58109,-71.65352,,,,,,0
MSG,3,111,11111,AD64CD,111111,2018/08/24,23:01:01.111,2018/08/24,23:01:01.096,,8150,,,42.48571,-71.27757,,,,,,0
MSG,3,111,11111,4CAAFB,111111,2018/08/24,23:01:09.776,2018/08/24,23:01:09.747,,37000,,,42.61116,-71.62418,,,,,,0
MSG,3,111,11111,4CAAFB,111111,2018/08/24,23:01:16.506,2018/08/24,23:01:16.496,,37000,,,42.62334,-71.61226,,,,,,0
MSG,3,111,11111,4CAAFB,111111,2018/08/24,23:01:19.167,2018/08/24,23:01:19.119,,37000,,,42.62802,-71.60774,,,,,,0
MSG,3,111,11111,4B187F,111111,2018/08/24,23:01:24.518,2018/08/24,23:01:24.492,,35700,,,42.60084,-71.04111,,,,,,0
MSG,3,111,11111,4B187F,111111,2018/08/24,23:01:25.578,2018/08/24,23:01:25.541,,35700,,,42.60233,-71.03878,,,,,,0
MSG,3,111,11111,4B187F,111111,2018/08/24,23:01:26.629,2018/08/24,23:01:26.590,,35725,,,42.60377,-71.03651,,,,,,0
MSG,3,111,11111,4CAAFB,111111,2018/08/24,23:01:29.877,2018/08/24,23:01:29.865,,37000,,,42.64734,-71.58877,,,,,,0
MSG,3,111,11111,4B187F,111111,2018/08/24,23:01:30.689,2018/08/24,23:01:30.653,,35775,,,42.60878,-71.02861,,,,,,0
MSG,3,111,11111,4B187F,111111,2018/08/24,23:01:31.658,2018/08/24,23:01:31.635,,35775,,,42.61024,-71.02629,,,,,,0
MSG,3,111,11111,4B187F,111111,2018/08/24,23:01:38.109,2018/08/24,23:01:38.061,,35850,,,42.62020,-71.01058,,,,,,0
MSG,3,111,11111,4CAAFB,111111,2018/08/24,23:01:40.457,2018/08/24,23:01:40.419,,37000,,,42.66637,-71.57018,,,,,,0
MSG,3,111,11111,AC22C5,111111,2018/08/24,23:01:52.990,2018/08/24,23:01:52.938,,11525,,,42.54703,-71.57636,,,,,,0
MSG,3,111,11111,AC22C5,111111,2018/08/24,23:01:57.915,2018/08/24,23:01:57.914,,11400,,,42.54497,-71.56650,,,,,,0
MSG,3,111,11111,AC22C5,111111,2018/08/24,23:02:00.910,2018/08/24,23:02:00.867,,11350,,,42.54372,-71.56047,,,,,,0
MSG,3,111,11111,AC22C5,111111,2018/08/24,23:02:06.075,2018/08/24,23:02:06.044,,11225,,,42.54158,-71.55008,,,,,,0
MSG,3,111,11111,AC22C5,111111,2018/08/24,23:02:08.870,2018/08/24,23:02:08.859,,11175,,,42.54041,-71.54457,,,,,,0
MSG,3,111,11111,AC22C5,111111,2018/08/24,23:02:09.795,2018/08/24,23:02:09.778,,11150,,,42.53998,-71.54253,,,,,,0
MSG,3,111,11111,4CAAFB,111111,2018/08/24,23:02:11.248,2018/08/24,23:02:11.220,,37000,,,42.72153,-71.51606,,,,,,0
MSG,3,111,11111,AC22C5,111111,2018/08/24,23:02:11.855,2018/08/24,23:02:11.812,,11100,,,42.53915,-71.53860,,,,,,0
MSG,3,111,11111,AC22C5,111111,2018/08/24,23:02:12.990,2018/08/24,23:02:12.988,,11075,,,42.53869,-71.53620,,,,,,0
MSG,3,111,11111,AC22C5,111111,2018/08/24,23:02:18.510,2018/08/24,23:02:18.494,,10950,,,42.53641,-71.52543,,,,,,0
MSG,3,111,11111,A8DEDA,111111,2018/08/24,23:02:22.556,2018/08/24,23:02:22.556,,33000,,,42.29303,-71.33768,,,,,,0
MSG,3,111,11111,AC22C5,111111,2018/08/24,23:02:25.395,2018/08/24,23:02:25.378,,10800,,,42.53357,-71.51193,,,,,,0
MSG,3,111,11111,AC22C5,111111,2018/08/24,23:02:30.390,2018/08/24,23:02:30.358,,10675,,,42.53161,-71.50234,,,,,,0
MSG,3,111,11111,AC22C5,111111,2018/08/24,23:02:31.495,2018/08/24,23:02:31.470,,10650,,,42.53110,-71.50002,,,,,,0
MSG,3,111,11111,AC22C5,111111,2018/08/24,23:02:32.550,2018/08/24,23:02:32.519,,10650,,,42.53073,-71.49809,,,,,,0
MSG,3,111,11111,AC22C5,111111,2018/08/24,23:02:37.476,2018/08/24,23:02:37.440,,10525,,,42.52876,-71.48860,,,,,,0
MSG,3,111,11111,AC22C5,111111,2018/08/24,23:02:38.350,2018/08/24,23:02:38.350,,10525,,,42.52840,-71.48691,,,,,,0
MSG,3,111,11111,AC22C5,111111,2018/08/24,23:02:38.757,2018/08/24,23:02:38.746,,10500,,,42.52821,-71.48610,,,,,,0
MSG,3,111,11111,AC22C5,111111,2018/08/24,23:02:39.335,2018/08/24,23:02:39.333,,10500,,,42.52798,-71.48498,,,,,,0
MSG,3,111,11111,AC22C5,111111,2018/08/24,23:02:39.867,2018/08/24,23:02:39.861,,10475,,,42.52780,-71.48401,,,,,,0
MSG,3,111,11111,AC22C5,111111,2018/08/24,23:02:40.845,2018/08/24,23:02:40.840,,10450,,,42.52738,-71.48210,,,,,,0
MSG,3,111,11111,AC22C5,111111,2018/08/24,23:02:43.335,2018/08/24,23:02:43.331,,10400,,,42.52643,-71.47749,,,,,,0
MSG,3,111,11111,AC22C5,111111,2018/08/24,23:02:45.436,2018/08/24,23:02:45.429,,10350,,,42.52556,-71.47328,,,,,,0
MSG,3,111,11111,AC22C5,111111,2018/08/24,23:02:48.430,2018/08/24,23:02:48.382,,10300,,,42.52437,-71.46756,,,,,,0
MSG,3,111,11111,AC22C5,111111,2018/08/24,23:02:50.630,2018/08/24,23:02:50.607,,10250,,,42.52356,-71.46351,,,,,,0
MSG,3,111,11111,AC22C5,111111,2018/08/24,23:02:52.910,2018/08/24,23:02:52.900,,10200,,,42.52268,-71.45917,,,,,,0
MSG,3,111,11111,AC22C5,111111,2018/08/24,23:02:56.951,2018/08/24,23:02:56.901,,10100,,,42.52105,-71.45137,,,,,,0
MSG,3,111,11111,AC22C5,111111,2018/08/24,23:03:01.070,2018/08/24,23:03:01.030,,10025,,,42.51942,-71.44364,,,,,,0
MSG,3,111,11111,AC22C5,111111,2018/08/24,23:03:01.545,2018/08/24,23:03:01.488,,10025,,,42.51923,-71.44275,,,,,,0
MSG,3,111,11111,AC22C5,111111,2018/08/24,23:03:01.995,2018/08/24,23:03:01.946,,10000,,,42.51906,-71.44178,,,,,,0
MSG,3,111,11111,AC22C5,111111,2018/08/24,23:03:02.950,2018/08/24,23:03:02.927,,9975,,,42.51872,-71.44013,,,,,,0
MSG,3,111,11111,AC22C5,111111,2018/08/24,23:03:03.395,2018/08/24,23:03:03.385,,9975,,,42.51853,-71.43937,,,,,,0
MSG,3,111,11111,AC22C5,111111,2018/08/24,23:03:04.910,2018/08/24,23:03:04.893,,9950,,,42.51791,-71.43635,,,,,,0
MSG,3,111,11111,AC22C5,111111,2018/08/24,23:03:05.836,2018/08/24,23:03:05.811,,9925,,,42.51756,-71.43470,,,,,,0
MSG,3,111,11111,AC22C5,111111,2018/08/24,23:03:08.631,2018/08/24,23:03:08.627,,9875,,,42.51649,-71.42942,,,,,,0
MSG,3,111,11111,AC22C5,111111,2018/08/24,23:03:12.510,2018/08/24,23:03:12.495,,9800,,,42.51498,-71.42218,,,,,,0
MSG,3,111,11111,AC22C5,111111,2018/08/24,23:03:18.270,2018/08/24,23:03:18.261,,9675,,,42.51276,-71.41158,,,,,,0
MSG,3,111,11111,AC22C5,111111,2018/08/24,23:03:20.230,2018/08/24,23:03:20.227,,9625,,,42.51201,-71.40789,,,,,,0
MSG,3,111,11111,AC22C5,111111,2018/08/24,23:03:27.226,2018/08/24,23:03:27.178,,9500,,,42.50940,-71.39503,,,,,,0
MSG,3,111,11111,AC22C5,111111,2018/08/24,23:03:31.471,2018/08/24,23:03:31.437,,9400,,,42.50783,-71.38731,,,,,,0
MSG,3,111,11111,AC22C5,111111,2018/08/24,23:03:33.795,2018/08/24,23:03:33.793,,9350,,,42.50693,-71.38298,,,,,,0
MSG,3,111,11111,AC22C5,111111,2018/08/24,23:03:34.256,2018/08/24,23:03:34.252,,9350,,,42.50674,-71.38223,,,,,,0
MSG,3,111,11111,AC22C5,111111,2018/08/24,23:03:34.826,2018/08/24,23:03:34.779,,9325,,,42.50656,-71.38111,,,,,,0
MSG,3,111,11111,AC22C5,111111,2018/08/24,23:03:35.350,2018/08/24,23:03:35.304,,9325,,,42.50634,-71.38022,,,,,,0
MSG,3,111,11111,AC22C5,111111,2018/08/24,23:03:36.476,2018/08/24,23:03:36.419,,9300,,,42.50592,-71.37805,,,,,,0
MSG,3,111,11111,AC22C5,111111,2018/08/24,23:03:37.470,2018/08/24,23:03:37.464,,9275,,,42.50554,-71.37639,,,,,,0
MSG,3,111,11111,AC22C5,111111,2018/08/24,23:03:41.310,2018/08/24,23:03:41.267,,9200,,,42.50410,-71.36936,,,,,,0
MSG,3,111,11111,AC22C5,111111,2018/08/24,23:03:41.795,2018/08/24,23:03:41.788,,9200,,,42.50396,-71.36859,,,,,,0
MSG,3,111,11111,AC22C5,111111,2018/08/24,23:03:42.217,2018/08/24,23:03:42.186,,9175,,,42.50377,-71.36769,,,,,,0
MSG,3,111,11111,AC22C5,111111,2018/08/24,23:03:43.151,2018/08/24,23:03:43.104,,9175,,,42.50349,-71.36625,,,,,,0
MSG,3,111,11111,AC22C5,111111,2018/08/24,23:03:44.156,2018/08/24,23:03:44.148,,9150,,,42.50308,-71.36425,,,,,,0
MSG,3,111,11111,AC22C5,111111,2018/08/24,23:03:44.655,2018/08/24,23:03:44.610,,9125,,,42.50289,-71.36336,,,,,,0
MSG,3,111,11111,AC22C5,111111,2018/08/24,23:03:45.656,2018/08/24,23:03:45.655,,9100,,,42.50252,-71.36157,,,,,,0
MSG,3,111,11111,AC22C5,111111,2018/08/24,23:03:46.136,2018/08/24,23:03:46.116,,9100,,,42.50238,-71.36086,,,,,,0
MSG,3,111,11111,AC22C5,111111,2018/08/24,23:03:51.031,2018/08/24,23:03:51.029,,9000,,,42.50052,-71.35186,,,,,,0
MSG,3,111,11111,4005C0,111111,2018/08/24,23:03:55.434,2018/08/24,23:03:55.420,,37000,,,42.47346,-71.56269,,,,,,0
MSG,3,111,11111,AC22C5,111111,2018/08/24,23:03:55.916,2018/08/24,23:03:55.881,,8900,,,42.49878,-71.34322,,,,,,0
MSG,3,111,11111,AC22C5,111111,2018/08/24,23:03:57.977,2018/08/24,23:03:57.975,,8850,,,42.49805,-71.33947,,,,,,0
MSG,3,111,11111,4005C0,111111,2018/08/24,23:03:58.273,2018/08/24,23:03:58.240,,37000,,,42.47823,-71.55676,,,,,,0
MSG,3,111,11111,AC22C5,111111,2018/08/24,23:03:58.386,2018/08/24,23:03:58.370,,8850,,,42.49791,-71.33872,,,,,,0
MSG,3,111,11111,AC22C5,111111,2018/08/24,23:03:58.831,2018/08/24,23:03:58.827,,8850,,,42.49777,-71.33804,,,,,,0
MSG,3,111,11111,4005C0,111111,2018/08/24,23:04:04.013,2018/08/24,23:04:04.005,,37000,,,42.48809,-71.54450,,,,,,0
MSG,3,111,11111,4005C0,111111,2018/08/24,23:04:05.075,2018/08/24,23:04:05.057,,37000,,,42.48976,-71.54241,,,,,,0
MSG,3,111,11111,AC22C5,111111,2018/08/24,23:04:05.658,2018/08/24,23:04:05.646,,8700,,,42.49535,-71.32568,,,,,,0
MSG,3,111,11111,4005C0,111111,2018/08/24,23:04:06.183,2018/08/24,23:04:06.169,,37000,,,42.49182,-71.53985,,,,,,0
MSG,3,111,11111,AC22C5,111111,2018/08/24,23:04:06.591,2018/08/24,23:04:06.563,,8700,,,42.49502,-71.32407,,,,,,0
MSG,3,111,11111,4005C0,111111,2018/08/24,23:04:07.143,2018/08/24,23:04:07.089,,37000,,,42.49315,-71.53816,,,,,,0
MSG,3,111,11111,AC22C5,111111,2018/08/24,23:04:08.136,2018/08/24,23:04:08.134,,8650,,,42.49452,-71.32143,,,,,,0
MSG,3,111,11111,4005C0,111111,2018/08/24,23:04:08.274,2018/08/24,23:04:08.265,,37000,,,42.49521,-71.53560,,,,,,0
MSG,3,111,11111,AC22C5,111111,2018/08/24,23:04:09.576,2018/08/24,23:04:09.575,,8625,,,42.49402,-71.31875,,,,,,0
MSG,3,111,11111,AC22C5,111111,2018/08/24,23:04:10.671,2018/08/24,23:04:10.627,,8600,,,42.49363,-71.31685,,,,,,0
MSG,3,111,11111,4005C0,111111,2018/08/24,23:04:12.153,2018/08/24,23:04:12.133,,37000,,,42.50168,-71.52758,,,,,,0
MSG,3,111,11111,4005C0,111111,2018/08/24,23:04:17.983,2018/08/24,23:04:17.965,,37000,,,42.51183,-71.51486,,,,,,0
MSG,3,111,11111,ADB35C,111111,2018/08/24,23:04:19.587,2018/08/24,23:04:19.540,,11725,,,42.55051,-71.59447,,,,,,0
MSG,3,111,11111,ADB35C,111111,2018/08/24,23:04:20.127,2018/08/24,23:04:20.126,,11700,,,42.55033,-71.59337,,,,,,0
MSG,3,111,11111,AC22C5,111111,2018/08/24,23:04:20.595,2018/08/24,23:04:20.588,,8400,,,42.49009,-71.29935,,,,,,0
MSG,3,111,11111,AC22C5,111111,2018/08/24,23:04:21.541,2018/08/24,23:04:21.505,,8375,,,42.48976,-71.29765,,,,,,0
MSG,3,111,11111,AC22C5,111111,2018/08/24,23:04:22.557,2018/08/24,23:04:22.555,,8375,,,42.48940,-71.29590,,,,,,0
MSG,3,111,11111,ADB35C,111111,2018/08/24,23:04:26.256,2018/08/24,23:04:26.224,,11575,,,42.54790,-71.58086,,,,,,0
MSG,3,111,11111,ADB35C,111111,2018/08/24,23:04:27.206,2018/08/24,23:04:27.204,,11550,,,42.54749,-71.57893,,,,,,0
MSG,3,111,11111,ADB35C,111111,2018/08/24,23:04:41.447,2018/08/24,23:04:41.428,,11225,,,42.54149,-71.55046,,,,,,0
MSG,3,111,11111,ADB35C,111111,2018/08/24,23:04:41.987,2018/08/24,23:04:41.952,,11200,,,42.54126,-71.54946,,,,,,0
MSG,3,111,11111,4005C0,111111,2018/08/24,23:04:42.383,2018/08/24,23:04:42.347,,37000,,,42.55326,-71.46319,,,,,,0
MSG,3,111,11111,4005C0,111111,2018/08/24,23:04:43.284,2018/08/24,23:04:43.262,,37000,,,42.55461,-71.46153,,,,,,0
MSG,3,111,11111,ADB35C,111111,2018/08/24,23:04:43.807,2018/08/24,23:04:43.786,,11175,,,42.54051,-71.54584,,,,,,0
MSG,3,111,11111,ADB35C,111111,2018/08/24,23:04:44.827,2018/08/24,23:04:44.772,,11150,,,42.54009,-71.54386,,,,,,0
MSG,3,111,11111,ADB35C,111111,2018/08/24,23:04:46.767,2018/08/24,23:04:46.738,,11125,,,42.53929,-71.54003,,,,,,0
MSG,3,111,11111,ADB35C,111111,2018/08/24,23:04:47.327,2018/08/24,23:04:47.324,,11125,,,42.53906,-71.53894,,,,,,0
MSG,3,111,11111,4005C0,111111,2018/08/24,23:04:55.073,2018/08/24,23:04:55.058,,37000,,,42.57458,-71.43654,,,,,,0
MSG,3,111,11111,ADB35C,111111,2018/08/24,23:04:57.827,2018/08/24,23:04:57.811,,11000,,,42.53478,-71.51870,,,,,,0
MSG,3,111,11111,ADB35C,111111,2018/08/24,23:04:58.866,2018/08/24,23:04:58.860,,10975,,,42.53435,-71.51675,,,,,,0
MSG,3,111,11111,4005C0,111111,2018/08/24,23:05:02.603,2018/08/24,23:05:02.594,,37000,,,42.58745,-71.42043,,,,,,0
MSG,3,111,11111,ADB35C,111111,2018/08/24,23:05:02.989,2018/08/24,23:05:02.989,,10925,,,42.53275,-71.50901,,,,,,0
MSG,3,111,11111,4005C0,111111,2018/08/24,23:05:08.423,2018/08/24,23:05:08.366,,37000,,,42.59730,-71.40819,,,,,,0
MSG,3,111,11111,ADB35C,111111,2018/08/24,23:05:13.077,2018/08/24,23:05:13.020,,10725,,,42.52885,-71.49041,,,,,,0
MSG,3,111,11111,ADB35C,111111,2018/08/24,23:05:14.057,2018/08/24,23:05:14.007,,10675,,,42.52849,-71.48854,,,,,,0
MSG,3,111,11111,ADB35C,111111,2018/08/24,23:05:14.589,2018/08/24,23:05:14.589,,10675,,,42.52826,-71.48766,,,,,,0
MSG,3,111,11111,ADB35C,111111,2018/08/24,23:05:16.378,2018/08/24,23:05:16.359,,10625,,,42.52762,-71.48435,,,,,,0
MSG,3,111,11111,ADB35C,111111,2018/08/24,23:05:16.886,2018/08/24,23:05:16.881,,10600,,,42.52739,-71.48342,,,,,,0
MSG,3,111,11111,ADB35C,111111,2018/08/24,23:05:17.967,2018/08/24,23:05:17.932,,10575,,,42.52698,-71.48142,,,,,,0
MSG,3,111,11111,ADB35C,111111,2018/08/24,23:05:18.496,2018/08/24,23:05:18.457,,10550,,,42.52677,-71.48044,,,,,,0
MSG,3,111,11111,ADB35C,111111,2018/08/24,23:05:18.987,2018/08/24,23:05:18.978,,10550,,,42.52661,-71.47961,,,,,,0
MSG,3,111,11111,ADB35C,111111,2018/08/24,23:05:20.007,2018/08/24,23:05:19.966,,10525,,,42.52621,-71.47769,,,,,,0
MSG,3,111,11111,ADB35C,111111,2018/08/24,23:05:22.078,2018/08/24,23:05:22.061,,10450,,,42.52547,-71.47399,,,,,,0
MSG,3,111,11111,ADB35C,111111,2018/08/24,23:05:23.587,2018/08/24,23:05:23.567,,10425,,,42.52492,-71.47125,,,,,,0
MSG,3,111,11111,ADB35C,111111,2018/08/24,23:05:24.037,2018/08/24,23:05:24.025,,10400,,,42.52472,-71.47041,,,,,,0
MSG,3,111,11111,4005C0,111111,2018/08/24,23:05:26.114,2018/08/24,23:05:26.065,,37000,,,42.62709,-71.37089,,,,,,0
MSG,3,111,11111,ADB35C,111111,2018/08/24,23:05:26.647,2018/08/24,23:05:26.646,,10325,,,42.52377,-71.46563,,,,,,0
MSG,3,111,11111,ADB35C,111111,2018/08/24,23:05:36.246,2018/08/24,23:05:36.217,,10075,,,42.52020,-71.44827,,,,,,0
MSG,3,111,11111,ADB35C,111111,2018/08/24,23:05:37.806,2018/08/24,23:05:37.787,,10050,,,42.51965,-71.44550,,,,,,0
MSG,3,111,11111,ADB35C,111111,2018/08/24,23:05:38.388,2018/08/24,23:05:38.378,,10025,,,42.51942,-71.44447,,,,,,0
MSG,3,111,11111,ADB35C,111111,2018/08/24,23:05:38.828,2018/08/24,23:05:38.777,,10025,,,42.51928,-71.44371,,,,,,0
MSG,3,111,11111,ADB35C,111111,2018/08/24,23:05:39.306,2018/08/24,23:05:39.295,,10000,,,42.51909,-71.44275,,,,,,0
MSG,3,111,11111,ADB35C,111111,2018/08/24,23:05:41.227,2018/08/24,23:05:41.197,,9975,,,42.51839,-71.43937,,,,,,0
MSG,3,111,11111,ADB35C,111111,2018/08/24,23:05:41.708,2018/08/24,23:05:41.659,,9950,,,42.51825,-71.43847,,,,,,0
MSG,3,111,11111,ADB35C,111111,2018/08/24,23:05:42.288,2018/08/24,23:05:42.249,,9950,,,42.51805,-71.43748,,,,,,0
MSG,3,111,11111,ADB35C,111111,2018/08/24,23:05:44.667,2018/08/24,23:05:44.667,,9900,,,42.51718,-71.43323,,,,,,0
MSG,3,111,11111,ADB35C,111111,2018/08/24,23:05:45.107,2018/08/24,23:05:45.065,,9900,,,42.51700,-71.43240,,,,,,0
MSG,3,111,11111,ADB35C,111111,2018/08/24,23:05:46.099,2018/08/24,23:05:46.051,,9875,,,42.51667,-71.43061,,,,,,0
MSG,3,111,11111,ADB35C,111111,2018/08/24,23:05:48.587,2018/08/24,23:05:48.538,,9825,,,42.51576,-71.42624,,,,,,0
MSG,3,111,11111,ADB35C,111111,2018/08/24,23:05:49.637,2018/08/24,23:05:49.590,,9800,,,42.51541,-71.42435,,,,,,0
MSG,3,111,11111,ADB35C,111111,2018/08/24,23:05:54.736,2018/08/24,23:05:54.698,,9700,,,42.51355,-71.41528,,,,,,0
MSG,3,111,11111,ADB35C,111111,2018/08/24,23:05:56.319,2018/08/24,23:05:56.274,,9675,,,42.51295,-71.41241,,,,,,0
MSG,3,111,11111,ADB35C,111111,2018/08/24,23:06:00.137,2018/08/24,23:06:00.134,,9600,,,42.51160,-71.40564,,,,,,0
MSG,3,111,11111,ADB35C,111111,2018/08/24,23:06:01.129,2018/08/24,23:06:01.122,,9575,,,42.51122,-71.40385,,,,,,0
MSG,3,111,11111,ADB35C,111111,2018/08/24,23:06:01.687,2018/08/24,23:06:01.645,,9575,,,42.51100,-71.40289,,,,,,0
MSG,3,111,11111,ADB35C,111111,2018/08/24,23:06:05.179,2018/08/24,23:06:05.124,,9500,,,42.50972,-71.39665,,,,,,0
MSG,3,111,11111,ADB35C,111111,2018/08/24,23:06:05.687,2018/08/24,23:06:05.644,,9475,,,42.50954,-71.39578,,,,,,0
MSG,3,111,11111,ADB35C,111111,2018/08/24,23:06:08.608,2018/08/24,23:06:08.592,,9425,,,42.50843,-71.39050,,,,,,0
MSG,3,111,11111,ADB35C,111111,2018/08/24,23:06:11.039,2018/08/24,23:06:11.018,,9375,,,42.50755,-71.38622,,,,,,0
MSG,3,111,11111,ADB35C,111111,2018/08/24,23:06:11.629,2018/08/24,23:06:11.607,,9350,,,42.50731,-71.38520,,,,,,0
MSG,3,111,11111,ADB35C,111111,2018/08/24,23:06:12.739,2018/08/24,23:06:12.722,,9325,,,42.50694,-71.38322,,,,,,0
MSG,3,111,11111,ADB35C,111111,2018/08/24,23:06:13.807,2018/08/24,23:06:13.769,,9300,,,42.50652,-71.38124,,,,,,0
MSG,3,111,11111,ADB35C,111111,2018/08/24,23:06:14.358,2018/08/24,23:06:14.357,,9300,,,42.50633,-71.38030,,,,,,0
MSG,3,111,11111,ADB35C,111111,2018/08/24,23:06:15.469,2018/08/24,23:06:15.418,,9275,,,42.50592,-71.37836,,,,,,0
MSG,3,111,11111,ADB35C,111111,2018/08/24,23:06:15.998,2018/08/24,23:06:15.996,,9250,,,42.50568,-71.37734,,,,,,0
MSG,3,111,11111,ADB35C,111111,2018/08/24,23:06:16.930,2018/08/24,23:06:16.916,,9250,,,42.50536,-71.37575,,,,,,0
MSG,3,111,11111,ADB35C,111111,2018/08/24,23:06:17.430,2018/08/24,23:06:17.380,,9225,,,42.50517,-71.37485,,,,,,0
MSG,3,111,11111,ADB35C,111111,2018/08/24,23:06:19.467,2018/08/24,23:06:19.467,,9200,,,42.50441,-71.37124,,,,,,0
MSG,3,111,11111,ADB35C,111111,2018/08/24,23:06:19.968,2018/08/24,23:06:19.930,,9175,,,42.50423,-71.37037,,,,,,0
MSG,3,111,11111,ADB35C,111111,2018/08/24,23:06:20.556,2018/08/24,23:06:20.520,,9175,,,42.50400,-71.36931,,,,,,0
MSG,3,111,11111,ADB35C,111111,2018/08/24,23:06:21.067,2018/08/24,23:06:21.043,,9150,,,42.50381,-71.36844,,,,,,0
MSG,3,111,11111,ADB35C,111111,2018/08/24,23:06:21.657,2018/08/24,23:06:21.633,,9150,,,42.50363,-71.36731,,,,,,0
MSG,3,111,11111,A81001,111111,2018/08/24,23:06:23.508,2018/08/24,23:06:23.469,,11000,,,42.53999,-71.54156,,,,,,0
MSG,3,111,11111,A81001,111111,2018/08/24,23:06:24.473,2018/08/24,23:06:24.450,,10975,,,42.53957,-71.53960,,,,,,0
MSG,3,111,11111,ADB35C,111111,2018/08/24,23:06:25.337,2018/08/24,23:06:25.305,,9075,,,42.50229,-71.36086,,,,,,0
MSG,3,111,11111,ADB35C,111111,2018/08/24,23:06:25.837,2018/08/24,23:06:25.825,,9050,,,42.50210,-71.36003,,,,,,0
MSG,3,111,11111,ADB35C,111111,2018/08/24,23:06:26.398,2018/08/24,23:06:26.358,,9050,,,42.50187,-71.35895,,,,,,0
MSG,3,111,11111,ADB35C,111111,2018/08/24,23:06:26.928,2018/08/24,23:06:26.878,,9050,,,42.50168,-71.35805,,,,,,0
MSG,3,111,11111,ADB35C,111111,2018/08/24,23:06:27.937,2018/08/24,23:06:27.922,,9025,,,42.50131,-71.35633,,,,,,0
MSG,3,111,11111,A81001,111111,2018/08/24,23:06:28.473,2018/08/24,23:06:28.448,,10850,,,42.53790,-71.53160,,,,,,0
MSG,3,111,11111,ADB35C,111111,2018/08/24,23:06:30.087,2018/08/24,23:06:30.085,,8975,,,42.50052,-71.35252,,,,,,0
MSG,3,111,11111,ADB35C,111111,2018/08/24,23:06:33.018,2018/08/24,23:06:32.974,,8925,,,42.49945,-71.34732,,,,,,0
MSG,3,111,11111,ADB35C,111111,2018/08/24,23:06:33.577,2018/08/24,23:06:33.559,,8925,,,42.49928,-71.34634,,,,,,0
MSG,3,111,11111,ADB35C,111111,2018/08/24,23:06:35.118,2018/08/24,23:06:35.070,,8875,,,42.49870,-71.34362,,,,,,0
MSG,3,111,11111,A81001,111111,2018/08/24,23:06:35.229,2018/08/24,23:06:35.201,,10675,,,42.53513,-71.51831,,,,,,0
MSG,3,111,11111,ADB35C,111111,2018/08/24,23:06:36.947,2018/08/24,23:06:36.904,,8850,,,42.49809,-71.34035,,,,,,0
MSG,3,111,11111,ADB35C,111111,2018/08/24,23:06:39.359,2018/08/24,23:06:39.328,,8800,,,42.49745,-71.33604,,,,,,0
MSG,3,111,11111,ADB35C,111111,2018/08/24,23:06:45.369,2018/08/24,23:06:45.357,,8650,,,42.49667,-71.32511,,,,,,0
MSG,3,111,11111,ADB35C,111111,2018/08/24,23:06:47.369,2018/08/24,23:06:47.326,,8600,,,42.49672,-71.32143,,,,,,0
MSG,3,111,11111,A81001,111111,2018/08/24,23:06:49.548,2018/08/24,23:06:49.547,,10300,,,42.52919,-71.49008,,,,,,0
MSG,3,111,11111,ADB35C,111111,2018/08/24,23:06:50.340,2018/08/24,23:06:50.339,,8500,,,42.49703,-71.31602,,,,,,0
MSG,3,111,11111,A81001,111111,2018/08/24,23:06:50.943,2018/08/24,23:06:50.926,,10275,,,42.52863,-71.48733,,,,,,0
MSG,3,111,11111,ADB35C,111111,2018/08/24,23:06:51.219,2018/08/24,23:06:51.194,,8475,,,42.49712,-71.31436,,,,,,0
MSG,3,111,11111,A81001,111111,2018/08/24,23:06:51.510,2018/08/24,23:06:51.457,,10250,,,42.52836,-71.48599,,,,,,0
MSG,3,111,11111,A81001,111111,2018/08/24,23:06:51.924,2018/08/24,23:06:51.910,,10225,,,42.52817,-71.48516,,,,,,0
MSG,3,111,11111,A81001,111111,2018/08/24,23:06:52.473,2018/08/24,23:06:52.435,,10225,,,42.52798,-71.48423,,,,,,0
MSG,3,111,11111,A81001,111111,2018/08/24,23:06:53.013,2018/08/24,23:06:52.961,,10200,,,42.52775,-71.48325,,,,,,0
MSG,3,111,11111,A81001,111111,2018/08/24,23:06:53.548,2018/08/24,23:06:53.546,,10200,,,42.52757,-71.48223,,,,,,0
MSG,3,111,11111,A81001,111111,2018/08/24,23:06:54.494,2018/08/24,23:06:54.466,,10175,,,42.52716,-71.48030,,,,,,0
MSG,3,111,11111,ADB35C,111111,2018/08/24,23:06:56.261,2018/08/24,23:06:56.238,,8350,,,42.49869,-71.30526,,,,,,0
MSG,3,111,11111,ADB35C,111111,2018/08/24,23:06:57.297,2018/08/24,23:06:57.283,,8300,,,42.49912,-71.30344,,,,,,0
MSG,3,111,11111,ADB35C,111111,2018/08/24,23:06:59.409,2018/08/24,23:06:59.389,,8250,,,42.50005,-71.29974,,,,,,0
MSG,3,111,11111,A81001,111111,2018/08/24,23:07:05.428,2018/08/24,23:07:05.409,,9925,,,42.52263,-71.45876,,,,,,0
MSG,3,111,11111,A81001,111111,2018/08/24,23:07:06.413,2018/08/24,23:07:06.393,,9925,,,42.52226,-71.45699,,,,,,0
MSG,3,111,11111,A81001,111111,2018/08/24,23:07:08.436,2018/08/24,23:07:08.427,,9900,,,42.52144,-71.45314,,,,,,0
MSG,3,111,11111,ADB35C,111111,2018/08/24,23:07:10.427,2018/08/24,23:07:10.392,,8025,,,42.50596,-71.28115,,,,,,0
MSG,3,111,11111,A81001,111111,2018/08/24,23:07:13.590,2018/08/24,23:07:13.543,,9850,,,42.51932,-71.44313,,,,,,0
MSG,3,111,11111,A81001,111111,2018/08/24,23:07:14.113,2018/08/24,23:07:14.063,,9850,,,42.51915,-71.44216,,,,,,0
MSG,3,111,11111,A81001,111111,2018/08/24,23:07:14.535,2018/08/24,23:07:14.521,,9850,,,42.51897,-71.44141,,,,,,0
MSG,3,111,11111,A81001,111111,2018/08/24,23:07:15.548,2018/08/24,23:07:15.505,,9825,,,42.51855,-71.43929,,,,,,0
MSG,3,111,11111,A81001,111111,2018/08/24,23:07:16.124,2018/08/24,23:07:16.093,,9825,,,42.51835,-71.43834,,,,,,0
MSG,3,111,11111,A81001,111111,2018/08/24,23:07:16.674,2018/08/24,23:07:16.619,,9825,,,42.51811,-71.43719,,,,,,0
MSG,3,111,11111,A81001,111111,2018/08/24,23:07:21.589,2018/08/24,23:07:21.536,,9775,,,42.51617,-71.42799,,,,,,0
MSG,3,111,11111,A81001,111111,2018/08/24,23:07:23.510,2018/08/24,23:07:23.497,,9750,,,42.51546,-71.42442,,,,,,0
MSG,3,111,11111,A81001,111111,2018/08/24,23:07:24.556,2018/08/24,23:07:24.548,,9750,,,42.51504,-71.42231,,,,,,0
MSG,3,111,11111,A81001,111111,2018/08/24,23:07:29.993,2018/08/24,23:07:29.984,,9700,,,42.51297,-71.41232,,,,,,0
MSG,3,111,11111,A81001,111111,2018/08/24,23:07:32.395,2018/08/24,23:07:32.349,,9675,,,42.51206,-71.40794,,,,,,0
MSG,3,111,11111,A81001,111111,2018/08/24,23:07:38.374,2018/08/24,23:07:38.372,,9575,,,42.50983,-71.39695,,,,,,0
MSG,3,111,11111,A81001,111111,2018/08/24,23:07:38.864,2018/08/24,23:07:38.835,,9550,,,42.50969,-71.39619,,,,,,0
MSG,3,111,11111,A81001,111111,2018/08/24,23:07:42.335,2018/08/24,23:07:42.308,,9475,,,42.50838,-71.38986,,,,,,0
MSG,3,111,11111,A81001,111111,2018/08/24,23:07:43.470,2018/08/24,23:07:43.425,,9450,,,42.50793,-71.38766,,,,,,0
MSG,3,111,11111,A81001,111111,2018/08/24,23:07:44.064,2018/08/24,23:07:44.012,,9450,,,42.50771,-71.38654,,,,,,0
MSG,3,111,11111,A81001,111111,2018/08/24,23:07:44.553,2018/08/24,23:07:44.534,,9425,,,42.50750,-71.38565,,,,,,0
MSG,3,111,11111,A81001,111111,2018/08/24,23:07:49.974,2018/08/24,23:07:49.972,,9275,,,42.50545,-71.37587,,,,,,0
MSG,3,111,11111,A81001,111111,2018/08/24,23:07:50.374,2018/08/24,23:07:50.367,,9250,,,42.50531,-71.37517,,,,,,0
MSG,3,111,11111,A81001,111111,2018/08/24,23:07:52.954,2018/08/24,23:07:52.923,,9175,,,42.50432,-71.37043,,,,,,0
MSG,3,111,11111,A81001,111111,2018/08/24,23:07:54.375,2018/08/24,23:07:54.364,,9150,,,42.50377,-71.36794,,,,,,0
MSG,3,111,11111,A81001,111111,2018/08/24,23:07:57.653,2018/08/24,23:07:57.641,,9075,,,42.50249,-71.36201,,,,,,0
MSG,3,111,11111,A81001,111111,2018/08/24,23:07:58.564,2018/08/24,23:07:58.557,,9050,,,42.50221,-71.36057,,,,,,0
MSG,3,111,11111,A81001,111111,2018/08/24,23:08:01.149,2018/08/24,23:08:01.116,,9000,,,42.50122,-71.35595,,,,,,0
MSG,3,111,11111,A81001,111111,2018/08/24,23:08:02.954,2018/08/24,23:08:02.949,,8950,,,42.50047,-71.35256,,,,,,0
MSG,3,111,11111,A81001,111111,2018/08/24,23:08:03.959,2018/08/24,23:08:03.935,,8925,,,42.50015,-71.35096,,,,,,0
MSG,3,111,11111,A81001,111111,2018/08/24,23:08:06.059,2018/08/24,23:08:06.031,,8875,,,42.49931,-71.34707,,,,,,0
MSG,3,111,11111,A81001,111111,2018/08/24,23:08:08.561,2018/08/24,23:08:08.525,,8825,,,42.49842,-71.34266,,,,,,0
MSG,3,111,11111,A81001,111111,2018/08/24,23:08:08.994,2018/08/24,23:08:08.979,,8825,,,42.49828,-71.34189,,,,,,0
MSG,3,111,11111,A81001,111111,2018/08/24,23:08:09.941,2018/08/24,23:08:09.902,,8800,,,42.49796,-71.34035,,,,,,0
MSG,3,111,11111,A81001,111111,2018/08/24,23:08:10.431,2018/08/24,23:08:10.422,,8800,,,42.49777,-71.33947,,,,,,0
MSG,3,111,11111,ADB35C,111111,2018/08/24,23:08:15.030,2018/08/24,23:08:15.011,,6450,,,42.54302,-71.17908,,,,,,0
MSG,3,111,11111,A81001,111111,2018/08/24,23:08:19.395,2018/08/24,23:08:19.340,,8600,,,42.49452,-71.32368,,,,,,0
MSG,3,111,11111,A81001,111111,2018/08/24,23:08:22.579,2018/08/24,23:08:22.546,,8550,,,42.49344,-71.31807,,,,,,0
MSG,3,111,11111,A81001,111111,2018/08/24,23:08:24.679,2018/08/24,23:08:24.645,,8525,,,42.49270,-71.31443,,,,,,0
MSG,3,111,11111,A81001,111111,2018/08/24,23:08:32.439,2018/08/24,23:08:32.439,,8350,,,42.49008,-71.30108,,,,,,0
MSG,3,111,11111,A81001,111111,2018/08/24,23:08:33.355,2018/08/24,23:08:33.296,,8325,,,42.48976,-71.29929,,,,,,0
MSG,3,111,11111,A81001,111111,2018/08/24,23:08:33.880,2018/08/24,23:08:33.881,,8300,,,42.48958,-71.29846,,,,,,0
MSG,3,111,11111,A81001,111111,2018/08/24,23:08:35.394,2018/08/24,23:08:35.389,,8275,,,42.48911,-71.29584,,,,,,0
MSG,3,111,11111,A81001,111111,2018/08/24,23:08:36.360,2018/08/24,23:08:36.312,,8250,,,42.48875,-71.29409,,,,,,0
MSG,3,111,11111,A81001,111111,2018/08/24,23:08:39.194,2018/08/24,23:08:39.190,,8175,,,42.48784,-71.28922,,,,,,0
MSG,3,111,11111,A81001,111111,2018/08/24,23:08:42.380,2018/08/24,23:08:42.339,,8100,,,42.48674,-71.28364,,,,,,0
MSG,3,111,11111,4063E6,111111,2018/08/24,23:09:13.176,2018/08/24,23:09:13.139,,33050,,,42.43561,-71.64909,,,,,,0
MSG,3,111,11111,4063E6,111111,2018/08/24,23:09:14.197,2018/08/24,23:09:14.187,,33050,,,42.43758,-71.64664,,,,,,0
MSG,3,111,11111,4063E6,111111,2018/08/24,23:09:33.476,2018/08/24,23:09:33.454,,33350,,,42.46882,-71.60742,,,,,,0
MSG,3,111,11111,4063E6,111111,2018/08/24,23:09:35.649,2018/08/24,23:09:35.622,,33375,,,42.47241,-71.60289,,,,,,0
MSG,3,111,11111,4063E6,111111,2018/08/24,23:09:40.567,2018/08/24,23:09:40.536,,33450,,,42.48097,-71.59215,,,,,,0
MSG,3,111,11111,4063E6,111111,2018/08/24,23:09:41.595,2018/08/24,23:09:41.580,,33475,,,42.48262,-71.59010,,,,,,0
MSG,3,111,11111,4063E6,111111,2018/08/24,23:09:42.676,2018/08/24,23:09:42.632,,33500,,,42.48427,-71.58800,,,,,,0
MSG,3,111,11111,4063E6,111111,2018/08/24,23:09:44.568,2018/08/24,23:09:44.536,,33525,,,42.48786,-71.58346,,,,,,0
MSG,3,111,11111,4063E6,111111,2018/08/24,23:09:48.658,2018/08/24,23:09:48.659,,33575,,,42.49479,-71.57478,,,,,,0
MSG,3,111,11111,4063E6,111111,2018/08/24,23:09:49.566,2018/08/24,23:09:49.519,,33575,,,42.49640,-71.57268,,,,,,0
MSG,3,111,11111,4063E6,111111,2018/08/24,23:09:53.627,2018/08/24,23:09:53.578,,33625,,,42.50166,-71.56607,,,,,,0
MSG,3,111,11111,4063E6,111111,2018/08/24,23:09:54.446,2018/08/24,23:09:54.427,,33650,,,42.50299,-71.56444,,,,,,0
MSG,3,111,11111,4063E6,111111,2018/08/24,23:09:55.466,2018/08/24,23:09:55.414,,33650,,,42.50496,-71.56195,,,,,,0
MSG,3,111,11111,4063E6,111111,2018/08/24,23:09:58.556,2018/08/24,23:09:58.552,,33700,,,42.51025,-71.55530,,,,,,0
MSG,3,111,11111,4063E6,111111,2018/08/24,23:09:59.506,2018/08/24,23:09:59.474,,33700,,,42.51187,-71.55327,,,,,,0
MSG,3,111,11111,4063E6,111111,2018/08/24,23:10:03.675,2018/08/24,23:10:03.665,,33750,,,42.51878,-71.54453,,,,,,0
MSG,3,111,11111,4063E6,111111,2018/08/24,23:10:16.548,2018/08/24,23:10:16.512,,33925,,,42.53953,-71.51838,,,,,,0
MSG,3,111,11111,4063E6,111111,2018/08/24,23:10:20.276,2018/08/24,23:10:20.247,,33975,,,42.54549,-71.51090,,,,,,0
MSG,3,111,11111,4063E6,111111,2018/08/24,23:10:35.956,2018/08/24,23:10:35.913,,34200,,,42.57285,-71.47643,,,,,,0
MSG,3,111,11111,4063E6,111111,2018/08/24,23:10:47.355,2018/08/24,23:10:47.314,,34375,,,42.59064,-71.45393,,,,,,0
MSG,3,111,11111,4063E6,111111,2018/08/24,23:10:48.266,2018/08/24,23:10:48.231,,34400,,,42.59230,-71.45183,,,,,,0
MSG,3,111,11111,4063E6,111111,2018/08/24,23:10:49.387,2018/08/24,23:10:49.346,,34425,,,42.59395,-71.44978,,,,,,0
MSG,3,111,11111,4063E6,111111,2018/08/24,23:10:50.346,2018/08/24,23:10:50.327,,34425,,,42.59592,-71.44728,,,,,,0
MSG,3,111,11111,4063E6,111111,2018/08/24,23:10:51.409,2018/08/24,23:10:51.381,,34450,,,42.59758,-71.44518,,,,,,0
MSG,3,111,11111,4063E6,111111,2018/08/24,23:11:01.296,2018/08/24,23:11:01.272,,34600,,,42.61471,-71.42352,,,,,,0
MSG,3,111,11111,4063E6,111111,2018/08/24,23:11:19.236,2018/08/24,23:11:19.228,,34900,,,42.64366,-71.38685,,,,,,0
MSG,3,111,11111,A9D9F7,111111,2018/08/24,23:11:33.718,2018/08/24,23:11:33.711,,33000,,,42.50075,-71.52227,,,,,,0
MSG,3,111,11111,A9D9F7,111111,2018/08/24,23:11:43.688,2018/08/24,23:11:43.674,,32975,,,42.52020,-71.50414,,,,,,0
MSG,3,111,11111,A9D9F7,111111,2018/08/24,23:11:44.698,2018/08/24,23:11:44.658,,32975,,,42.52216,-71.50234,,,,,,0
MSG,3,111,11111,4063E6,111111,2018/08/24,23:11:48.167,2018/08/24,23:11:48.132,,35325,,,42.69175,-71.32592,,,,,,0
MSG,3,111,11111,A9D9F7,111111,2018/08/24,23:11:52.753,2018/08/24,23:11:52.719,,32975,,,42.53801,-71.48748,,,,,,0
MSG,3,111,11111,A9D9F7,111111,2018/08/24,23:11:53.682,2018/08/24,23:11:53.639,,32975,,,42.53979,-71.48585,,,,,,0
MSG,3,111,11111,A9D9F7,111111,2018/08/24,23:11:56.518,2018/08/24,23:11:56.517,,32975,,,42.54547,-71.48055,,,,,,0
MSG,3,111,11111,AD049A,111111,2018/08/24,23:11:58.542,2018/08/24,23:11:58.487,,12150,,,42.55559,-71.62588,,,,,,0
MSG,3,111,11111,A9D9F7,111111,2018/08/24,23:12:00.598,2018/08/24,23:12:00.583,,32975,,,42.55334,-71.47318,,,,,,0
MSG,3,111,11111,A9D9F7,111111,2018/08/24,23:12:02.743,2018/08/24,23:12:02.742,,33000,,,42.55765,-71.46919,,,,,,0
MSG,3,111,11111,AD049A,111111,2018/08/24,23:12:05.887,2018/08/24,23:12:05.827,,11950,,,42.55303,-71.61055,,,,,,0
MSG,3,111,11111,AD049A,111111,2018/08/24,23:12:06.822,2018/08/24,23:12:06.807,,11925,,,42.55270,-71.60870,,,,,,0
MSG,3,111,11111,A9D9F7,111111,2018/08/24,23:12:09.583,2018/08/24,23:12:09.560,,33000,,,42.57100,-71.45674,,,,,,0
MSG,3,111,11111,AD049A,111111,2018/08/24,23:12:11.867,2018/08/24,23:12:11.853,,11800,,,42.55098,-71.59816,,,,,,0
MSG,3,111,11111,AD049A,111111,2018/08/24,23:12:13.347,2018/08/24,23:12:13.298,,11750,,,42.55051,-71.59528,,,,,,0
MSG,3,111,11111,AD049A,111111,2018/08/24,23:12:13.847,2018/08/24,23:12:13.820,,11750,,,42.55032,-71.59428,,,,,,0
MSG,3,111,11111,A9D9F7,111111,2018/08/24,23:12:15.403,2018/08/24,23:12:15.392,,33000,,,42.58236,-71.44614,,,,,,0
MSG,3,111,11111,A9D9F7,111111,2018/08/24,23:12:16.408,2018/08/24,23:12:16.377,,33000,,,42.58434,-71.44428,,,,,,0
MSG,3,111,11111,A9D9F7,111111,2018/08/24,23:12:17.413,2018/08/24,23:12:17.361,,33000,,,42.58649,-71.44228,,,,,,0
MSG,3,111,11111,AD049A,111111,2018/08/24,23:12:19.868,2018/08/24,23:12:19.849,,11600,,,42.54795,-71.58187,,,,,,0
MSG,3,111,11111,AD049A,111111,2018/08/24,23:12:20.902,2018/08/24,23:12:20.896,,11575,,,42.54749,-71.57989,,,,,,0
MSG,3,111,11111,AD049A,111111,2018/08/24,23:12:21.887,2018/08/24,23:12:21.880,,11550,,,42.54707,-71.57791,,,,,,0
MSG,3,111,11111,AD049A,111111,2018/08/24,23:12:22.862,2018/08/24,23:12:22.862,,11525,,,42.54666,-71.57587,,,,,,0
MSG,3,111,11111,AD049A,111111,2018/08/24,23:12:23.987,2018/08/24,23:12:23.977,,11500,,,42.54618,-71.57369,,,,,,0
MSG,3,111,11111,AD049A,111111,2018/08/24,23:12:30.902,2018/08/24,23:12:30.862,,11350,,,42.54337,-71.55995,,,,,,0
MSG,3,111,11111,AD049A,111111,2018/08/24,23:12:38.087,2018/08/24,23:12:38.069,,11200,,,42.54044,-71.54565,,,,,,0
MSG,3,111,11111,AD049A,111111,2018/08/24,23:12:39.143,2018/08/24,23:12:39.118,,11175,,,42.54002,-71.54372,,,,,,0
MSG,3,111,11111,AD049A,111111,2018/08/24,23:12:41.102,2018/08/24,23:12:41.085,,11125,,,42.53920,-71.53978,,,,,,0
MSG,3,111,11111,AD049A,111111,2018/08/24,23:12:44.902,2018/08/24,23:12:44.884,,11050,,,42.53769,-71.53229,,,,,,0
MSG,3,111,11111,AD049A,111111,2018/08/24,23:12:53.023,2018/08/24,23:12:53.010,,10850,,,42.53439,-71.51631,,,,,,0
MSG,3,111,11111,AD049A,111111,2018/08/24,23:12:58.129,2018/08/24,23:12:58.122,,10750,,,42.53236,-71.50669,,,,,,0
MSG,3,111,11111,AD049A,111111,2018/08/24,23:13:01.929,2018/08/24,23:13:01.923,,10675,,,42.53087,-71.49934,,,,,,0
MSG,3,111,11111,AD049A,111111,2018/08/24,23:13:02.943,2018/08/24,23:13:02.907,,10650,,,42.53046,-71.49740,,,,,,0
MSG,3,111,11111,AD049A,111111,2018/08/24,23:13:04.984,2018/08/24,23:13:04.947,,10600,,,42.52963,-71.49341,,,,,,0
MSG,3,111,11111,AD049A,111111,2018/08/24,23:13:08.905,2018/08/24,23:13:08.874,,10525,,,42.52808,-71.48591,,,,,,0
MSG,3,111,11111,AD049A,111111,2018/08/24,23:13:09.468,2018/08/24,23:13:09.459,,10500,,,42.52785,-71.48479,,,,,,0
MSG,3,111,11111,AD049A,111111,2018/08/24,23:13:09.888,2018/08/24,23:13:09.857,,10500,,,42.52771,-71.48404,,,,,,0
MSG,3,111,11111,AD049A,111111,2018/08/24,23:13:10.865,2018/08/24,23:13:10.839,,10475,,,42.52738,-71.48229,,,,,,0
MSG,3,111,11111,AD049A,111111,2018/08/24,23:13:12.743,2018/08/24,23:13:12.735,,10425,,,42.52663,-71.47871,,,,,,0
MSG,3,111,11111,AD049A,111111,2018/08/24,23:13:13.209,2018/08/24,23:13:13.197,,10425,,,42.52643,-71.47774,,,,,,0
MSG,3,111,11111,AD049A,111111,2018/08/24,23:13:14.822,2018/08/24,23:13:14.772,,10375,,,42.52574,-71.47449,,,,,,0
MSG,3,111,11111,AD049A,111111,2018/08/24,23:13:20.743,2018/08/24,23:13:20.731,,10250,,,42.52347,-71.46351,,,,,,0
MSG,3,111,11111,AD049A,111111,2018/08/24,23:13:23.339,2018/08/24,23:13:23.293,,10200,,,42.52244,-71.45846,,,,,,0
MSG,3,111,11111,AD049A,111111,2018/08/24,23:13:23.870,2018/08/24,23:13:23.821,,10200,,,42.52226,-71.45751,,,,,,0
MSG,3,111,11111,AD049A,111111,2018/08/24,23:13:24.784,2018/08/24,23:13:24.736,,10175,,,42.52188,-71.45584,,,,,,0
MSG,3,111,11111,AD049A,111111,2018/08/24,23:13:30.983,2018/08/24,23:13:30.956,,10025,,,42.51951,-71.44422,,,,,,0
MSG,3,111,11111,AD049A,111111,2018/08/24,23:13:32.388,2018/08/24,23:13:32.335,,10000,,,42.51895,-71.44160,,,,,,0
MSG,3,111,11111,AD049A,111111,2018/08/24,23:13:33.429,2018/08/24,23:13:33.384,,9975,,,42.51853,-71.43956,,,,,,0
MSG,3,111,11111,AD049A,111111,2018/08/24,23:13:34.539,2018/08/24,23:13:34.499,,9950,,,42.51816,-71.43770,,,,,,0
MSG,3,111,11111,AD049A,111111,2018/08/24,23:13:35.103,2018/08/24,23:13:35.084,,9950,,,42.51793,-71.43655,,,,,,0
MSG,3,111,11111,AD049A,111111,2018/08/24,23:13:41.828,2018/08/24,23:13:41.772,,9800,,,42.51535,-71.42418,,,,,,0
MSG,3,111,11111,AD049A,111111,2018/08/24,23:13:47.143,2018/08/24,23:13:47.141,,9675,,,42.51343,-71.41444,,,,,,0
MSG,3,111,11111,AD049A,111111,2018/08/24,23:13:48.148,2018/08/24,23:13:48.129,,9675,,,42.51302,-71.41238,,,,,,0
MSG,3,111,11111,AD049A,111111,2018/08/24,23:13:48.551,2018/08/24,23:13:48.522,,9650,,,42.51288,-71.41169,,,,,,0
MSG,3,111,11111,AD049A,111111,2018/08/24,23:13:53.063,2018/08/24,23:13:53.041,,9575,,,42.51132,-71.40366,,,,,,0
MSG,3,111,11111,AD049A,111111,2018/08/24,23:13:57.223,2018/08/24,23:13:57.175,,9500,,,42.50977,-71.39609,,,,,,0
MSG,3,111,11111,AD049A,111111,2018/08/24,23:14:01.809,2018/08/24,23:14:01.759,,9400,,,42.50812,-71.38779,,,,,,0
MSG,3,111,11111,AD049A,111111,2018/08/24,23:14:02.759,2018/08/24,23:14:02.740,,9375,,,42.50775,-71.38604,,,,,,0
MSG,3,111,11111,AD049A,111111,2018/08/24,23:14:03.224,2018/08/24,23:14:03.200,,9375,,,42.50757,-71.38529,,,,,,0
MSG,3,111,11111,AD049A,111111,2018/08/24,23:14:04.709,2018/08/24,23:14:04.706,,9350,,,42.50699,-71.38245,,,,,,0
MSG,3,111,11111,AD049A,111111,2018/08/24,23:14:06.250,2018/08/24,23:14:06.217,,9325,,,42.50642,-71.37973,,,,,,0
MSG,3,111,11111,AD049A,111111,2018/08/24,23:14:12.549,2018/08/24,23:14:12.506,,9175,,,42.50415,-71.36853,,,,,,0
MSG,3,111,11111,AD049A,111111,2018/08/24,23:14:14.490,2018/08/24,23:14:14.473,,9150,,,42.50345,-71.36519,,,,,,0
MSG,3,111,11111,AD049A,111111,2018/08/24,23:14:14.939,2018/08/24,23:14:14.930,,9125,,,42.50331,-71.36450,,,,,,0
MSG,3,111,11111,AD049A,111111,2018/08/24,23:14:15.504,2018/08/24,23:14:15.459,,9125,,,42.50308,-71.36342,,,,,,0
MSG,3,111,11111,AD049A,111111,2018/08/24,23:14:16.471,2018/08/24,23:14:16.441,,9100,,,42.50271,-71.36163,,,,,,0
MSG,3,111,11111,AD049A,111111,2018/08/24,23:14:17.011,2018/08/24,23:14:16.969,,9100,,,42.50253,-71.36076,,,,,,0
MSG,3,111,11111,AD049A,111111,2018/08/24,23:14:20.710,2018/08/24,23:14:20.700,,9025,,,42.50121,-71.35420,,,,,,0
MSG,3,111,11111,A9238A,111111,2018/08/24,23:14:38.831,2018/08/24,23:14:38.786,,11275,,,42.54236,-71.55764,,,,,,0
MSG,3,111,11111,AD049A,111111,2018/08/24,23:14:40.080,2018/08/24,23:14:40.038,,8625,,,42.49461,-71.32062,,,,,,0
MSG,3,111,11111,AD049A,111111,2018/08/24,23:14:41.626,2018/08/24,23:14:41.604,,8600,,,42.49405,-71.31788,,,,,,0
MSG,3,111,11111,AD049A,111111,2018/08/24,23:14:42.210,2018/08/24,23:14:42.194,,8575,,,42.49386,-71.31685,,,,,,0
MSG,3,111,11111,AD049A,111111,2018/08/24,23:14:42.609,2018/08/24,23:14:42.587,,8575,,,42.49372,-71.31615,,,,,,0
MSG,3,111,11111,AD049A,111111,2018/08/24,23:14:44.629,2018/08/24,23:14:44.617,,8525,,,42.49302,-71.31264,,,,,,0
MSG,3,111,11111,AD049A,111111,2018/08/24,23:14:46.770,2018/08/24,23:14:46.718,,8500,,,42.49232,-71.30919,,,,,,0
MSG,3,111,11111,A9238A,111111,2018/08/24,23:14:51.631,2018/08/24,23:14:51.629,,10925,,,42.53691,-71.53192,,,,,,0
MSG,3,111,11111,AD049A,111111,2018/08/24,23:14:54.105,2018/08/24,23:14:54.059,,8350,,,42.48985,-71.29696,,,,,,0
MSG,3,111,11111,A9238A,111111,2018/08/24,23:14:54.911,2018/08/24,23:14:54.905,,10850,,,42.53549,-71.52530,,,,,,0
MSG,3,111,11111,AD049A,111111,2018/08/24,23:14:55.131,2018/08/24,23:14:55.105,,8350,,,42.48944,-71.29515,,,,,,0
MSG,3,111,11111,A9238A,111111,2018/08/24,23:14:58.850,2018/08/24,23:14:58.838,,10750,,,42.53389,-71.51750,,,,,,0
MSG,3,111,11111,AD049A,111111,2018/08/24,23:15:03.466,2018/08/24,23:15:03.429,,8200,,,42.48656,-71.28136,,,,,,0
MSG,3,111,11111,A9238A,111111,2018/08/24,23:15:03.972,2018/08/24,23:15:03.953,,10600,,,42.53169,-71.50714,,,,,,0
MSG,3,111,11111,A9238A,111111,2018/08/24,23:15:04.941,2018/08/24,23:15:04.934,,10575,,,42.53133,-71.50535,,,,,,0
MSG,3,111,11111,AD049A,111111,2018/08/24,23:15:05.624,2018/08/24,23:15:05.591,,8175,,,42.48585,-71.27796,,,,,,0
MSG,3,111,11111,A9238A,111111,2018/08/24,23:15:06.481,2018/08/24,23:15:06.447,,10525,,,42.53069,-71.50221,,,,,,0
MSG,3,111,11111,A9238A,111111,2018/08/24,23:15:07.051,2018/08/24,23:15:07.031,,10525,,,42.53046,-71.50096,,,,,,0
MSG,3,111,11111,A9238A,111111,2018/08/24,23:15:10.042,2018/08/24,23:15:09.985,,10425,,,42.52924,-71.49500,,,,,,0
MSG,3,111,11111,A9238A,111111,2018/08/24,23:15:14.182,2018/08/24,23:15:14.176,,10325,,,42.52762,-71.48704,,,,,,0
MSG,3,111,11111,A9238A,111111,2018/08/24,23:15:14.762,2018/08/24,23:15:14.762,,10300,,,42.52739,-71.48585,,,,,,0
MSG,3,111,11111,A9238A,111111,2018/08/24,23:15:15.210,2018/08/24,23:15:15.162,,10300,,,42.52725,-71.48504,,,,,,0
MSG,3,111,11111,A9238A,111111,2018/08/24,23:15:16.231,2018/08/24,23:15:16.207,,10275,,,42.52679,-71.48286,,,,,,0
MSG,3,111,11111,A9238A,111111,2018/08/24,23:15:17.363,2018/08/24,23:15:17.324,,10225,,,42.52635,-71.48069,,,,,,0
MSG,3,111,11111,A9238A,111111,2018/08/24,23:15:18.364,2018/08/24,23:15:18.310,,10200,,,42.52593,-71.47852,,,,,,0
MSG,3,111,11111,A9238A,111111,2018/08/24,23:15:27.071,2018/08/24,23:15:27.021,,9975,,,42.52254,-71.46147,,,,,,0
MSG,3,111,11111,A9238A,111111,2018/08/24,23:15:28.093,2018/08/24,23:15:28.070,,9950,,,42.52212,-71.45929,,,,,,0
MSG,3,111,11111,A9238A,111111,2018/08/24,23:15:29.221,2018/08/24,23:15:29.186,,9950,,,42.52171,-71.45708,,,,,,0
MSG,3,111,11111,A9238A,111111,2018/08/24,23:15:35.816,2018/08/24,23:15:35.800,,9850,,,42.51915,-71.44415,,,,,,0
MSG,3,111,11111,A9238A,111111,2018/08/24,23:15:38.263,2018/08/24,23:15:38.231,,9850,,,42.51823,-71.43929,,,,,,0
MSG,3,111,11111,A9238A,111111,2018/08/24,23:15:39.253,2018/08/24,23:15:39.215,,9825,,,42.51788,-71.43758,,,,,,0
MSG,3,111,11111,A9238A,111111,2018/08/24,23:15:48.232,2018/08/24,23:15:48.188,,9750,,,42.51453,-71.42043,,,,,,0
MSG,3,111,11111,A9238A,111111,2018/08/24,23:15:49.241,2018/08/24,23:15:49.235,,9750,,,42.51416,-71.41856,,,,,,0
MSG,3,111,11111,A9238A,111111,2018/08/24,23:15:51.193,2018/08/24,23:15:51.144,,9725,,,42.51341,-71.41477,,,,,,0
MSG,3,111,11111,A9238A,111111,2018/08/24,23:15:51.739,2018/08/24,23:15:51.729,,9725,,,42.51320,-71.41388,,,,,,0
MSG,3,111,11111,A9238A,111111,2018/08/24,23:15:52.213,2018/08/24,23:15:52.191,,9725,,,42.51304,-71.41292,,,,,,0
MSG,3,111,11111,A9238A,111111,2018/08/24,23:15:57.321,2018/08/24,23:15:57.298,,9675,,,42.51118,-71.40345,,,,,,0
MSG,3,111,11111,A9238A,111111,2018/08/24,23:16:01.782,2018/08/24,23:16:01.753,,9600,,,42.50955,-71.39542,,,,,,0
MSG,3,111,11111,A9238A,111111,2018/08/24,23:16:08.532,2018/08/24,23:16:08.504,,9425,,,42.50703,-71.38303,,,,,,0
MSG,3,111,11111,A9238A,111111,2018/08/24,23:16:09.542,2018/08/24,23:16:09.488,,9400,,,42.50662,-71.38098,,,,,,0
MSG,3,111,11111,A9238A,111111,2018/08/24,23:16:11.571,2018/08/24,23:16:11.520,,9325,,,42.50592,-71.37755,,,,,,0
MSG,3,111,11111,A9238A,111111,2018/08/24,23:16:12.136,2018/08/24,23:16:12.108,,9325,,,42.50569,-71.37649,,,,,,0
MSG,3,111,11111,A9238A,111111,2018/08/24,23:16:12.712,2018/08/24,23:16:12.697,,9300,,,42.50545,-71.37536,,,,,,0
MSG,3,111,11111,A9238A,111111,2018/08/24,23:16:13.882,2018/08/24,23:16:13.876,,9250,,,42.50503,-71.37319,,,,,,0
MSG,3,111,11111,A9238A,111111,2018/08/24,23:16:14.922,2018/08/24,23:16:14.863,,9225,,,42.50466,-71.37140,,,,,,0
MSG,3,111,11111,A9238A,111111,2018/08/24,23:16:16.337,2018/08/24,23:16:16.303,,9200,,,42.50415,-71.36866,,,,,,0
MSG,3,111,11111,A9238A,111111,2018/08/24,23:16:17.342,2018/08/24,23:16:17.287,,9175,,,42.50381,-71.36700,,,,,,0
MSG,3,111,11111,A9238A,111111,2018/08/24,23:16:17.782,2018/08/24,23:16:17.745,,9150,,,42.50364,-71.36610,,,,,,0
MSG,3,111,11111,A9238A,111111,2018/08/24,23:16:19.732,2018/08/24,23:16:19.710,,9100,,,42.50298,-71.36265,,,,,,0
MSG,3,111,11111,A9238A,111111,2018/08/24,23:16:20.177,2018/08/24,23:16:20.168,,9075,,,42.50281,-71.36176,,,,,,0
MSG,3,111,11111,A9238A,111111,2018/08/24,23:16:21.102,2018/08/24,23:16:21.085,,9050,,,42.50247,-71.36016,,,,,,0
MSG,3,111,11111,A3612A,111111,2018/08/24,23:16:21.324,2018/08/24,23:16:21.285,,11550,,,42.54776,-71.57861,,,,,,0
MSG,3,111,11111,A3612A,111111,2018/08/24,23:16:22.474,2018/08/24,23:16:22.462,,11500,,,42.54730,-71.57631,,,,,,0
MSG,3,111,11111,A9238A,111111,2018/08/24,23:16:26.621,2018/08/24,23:16:26.591,,8925,,,42.50066,-71.35021,,,,,,0
MSG,3,111,11111,A9238A,111111,2018/08/24,23:16:28.752,2018/08/24,23:16:28.752,,8900,,,42.49991,-71.34624,,,,,,0
MSG,3,111,11111,A9238A,111111,2018/08/24,23:16:31.832,2018/08/24,23:16:31.832,,8850,,,42.49893,-71.34074,,,,,,0
MSG,3,111,11111,A3612A,111111,2018/08/24,23:16:32.985,2018/08/24,23:16:32.949,,11250,,,42.54288,-71.55542,,,,,,0
MSG,3,111,11111,A9238A,111111,2018/08/24,23:16:33.782,2018/08/24,23:16:33.736,,8800,,,42.49832,-71.33735,,,,,,0
MSG,3,111,11111,A3612A,111111,2018/08/24,23:16:37.694,2018/08/24,23:16:37.668,,11150,,,42.54092,-71.54616,,,,,,0
MSG,3,111,11111,A9238A,111111,2018/08/24,23:16:38.002,2018/08/24,23:16:37.993,,8750,,,42.49695,-71.32992,,,,,,0
MSG,3,111,11111,A3612A,111111,2018/08/24,23:16:38.145,2018/08/24,23:16:38.127,,11150,,,42.54071,-71.54528,,,,,,0
MSG,3,111,11111,A3612A,111111,2018/08/24,23:16:39.734,2018/08/24,23:16:39.700,,11100,,,42.54007,-71.54216,,,,,,0
MSG,3,111,11111,A3612A,111111,2018/08/24,23:16:40.836,2018/08/24,23:16:40.816,,11075,,,42.53961,-71.54003,,,,,,0
MSG,3,111,11111,A3612A,111111,2018/08/24,23:16:41.276,2018/08/24,23:16:41.271,,11075,,,42.53943,-71.53914,,,,,,0
MSG,3,111,11111,A9238A,111111,2018/08/24,23:16:43.102,2018/08/24,23:16:43.045,,8675,,,42.49535,-71.32106,,,,,,0
MSG,3,111,11111,A3612A,111111,2018/08/24,23:16:43.484,2018/08/24,23:16:43.437,,11025,,,42.53855,-71.53486,,,,,,0
MSG,3,111,11111,A3612A,111111,2018/08/24,23:16:44.514,2018/08/24,23:16:44.483,,11000,,,42.53815,-71.53286,,,,,,0
MSG,3,111,11111,A3612A,111111,2018/08/24,23:16:45.014,2018/08/24,23:16:45.005,,10975,,,42.53792,-71.53186,,,,,,0
MSG,3,111,11111,A9238A,111111,2018/08/24,23:16:47.122,2018/08/24,23:16:47.104,,8600,,,42.49405,-71.31424,,,,,,0
MSG,3,111,11111,A9238A,111111,2018/08/24,23:16:48.074,2018/08/24,23:16:48.027,,8600,,,42.49370,-71.31251,,,,,,0
MSG,3,111,11111,A9238A,111111,2018/08/24,23:16:48.578,2018/08/24,23:16:48.552,,8575,,,42.49353,-71.31168,,,,,,0
MSG,3,111,11111,A9238A,111111,2018/08/24,23:16:49.094,2018/08/24,23:16:49.072,,8575,,,42.49338,-71.31082,,,,,,0
MSG,3,111,11111,A3612A,111111,2018/08/24,23:16:49.265,2018/08/24,23:16:49.266,,10875,,,42.53622,-71.52361,,,,,,0
MSG,3,111,11111,A3612A,111111,2018/08/24,23:16:50.725,2018/08/24,23:16:50.708,,10850,,,42.53568,-71.52081,,,,,,0
MSG,3,111,11111,A9238A,111111,2018/08/24,23:16:51.102,2018/08/24,23:16:51.100,,8550,,,42.49270,-71.30740,,,,,,0
MSG,3,111,11111,A3612A,111111,2018/08/24,23:16:52.754,2018/08/24,23:16:52.740,,10800,,,42.53485,-71.51700,,,,,,0
MSG,3,111,11111,A3612A,111111,2018/08/24,23:16:59.456,2018/08/24,23:16:59.432,,10650,,,42.53220,-71.50408,,,,,,0
MSG,3,111,11111,A3612A,111111,2018/08/24,23:17:00.434,2018/08/24,23:17:00.408,,10625,,,42.53183,-71.50214,,,,,,0
MSG,3,111,11111,A3612A,111111,2018/08/24,23:17:02.876,2018/08/24,23:17:02.836,,10575,,,42.53087,-71.49749,,,,,,0
MSG,3,111,11111,A3612A,111111,2018/08/24,23:17:04.027,2018/08/24,23:17:04.016,,10550,,,42.53041,-71.49528,,,,,,0
MSG,3,111,11111,A3612A,111111,2018/08/24,23:17:05.614,2018/08/24,23:17:05.585,,10500,,,42.52977,-71.49222,,,,,,0
MSG,3,111,11111,A3612A,111111,2018/08/24,23:17:07.485,2018/08/24,23:17:07.484,,10475,,,42.52905,-71.48868,,,,,,0
MSG,3,111,11111,A3612A,111111,2018/08/24,23:17:08.574,2018/08/24,23:17:08.535,,10450,,,42.52863,-71.48657,,,,,,0
MSG,3,111,11111,A3612A,111111,2018/08/24,23:17:08.975,2018/08/24,23:17:08.929,,10425,,,42.52845,-71.48580,,,,,,0
MSG,3,111,11111,A3612A,111111,2018/08/24,23:17:09.515,2018/08/24,23:17:09.516,,10425,,,42.52826,-71.48479,,,,,,0
MSG,3,111,11111,A3612A,111111,2018/08/24,23:17:09.965,2018/08/24,23:17:09.914,,10425,,,42.52808,-71.48389,,,,,,0
MSG,3,111,11111,A3612A,111111,2018/08/24,23:17:10.864,2018/08/24,23:17:10.829,,10400,,,42.52775,-71.48222,,,,,,0
MSG,3,111,11111,A3612A,111111,2018/08/24,23:17:17.034,2018/08/24,23:17:16.990,,10275,,,42.52533,-71.47056,,,,,,0
MSG,3,111,11111,A3612A,111111,2018/08/24,23:17:17.535,2018/08/24,23:17:17.512,,10275,,,42.52515,-71.46962,,,,,,0
MSG,3,111,11111,A3612A,111111,2018/08/24,23:17:31.505,2018/08/24,23:17:31.472,,9975,,,42.51974,-71.44352,,,,,,0
MSG,3,111,11111,A3612A,111111,2018/08/24,23:17:33.514,2018/08/24,23:17:33.502,,9950,,,42.51897,-71.43972,,,,,,0
MSG,3,111,11111,A3612A,111111,2018/08/24,23:17:34.055,2018/08/24,23:17:34.028,,9925,,,42.51874,-71.43879,,,,,,0
MSG,3,111,11111,A3612A,111111,2018/08/24,23:17:34.535,2018/08/24,23:17:34.488,,9925,,,42.51855,-71.43785,,,,,,0
MSG,3,111,11111,A3612A,111111,2018/08/24,23:17:35.075,2018/08/24,23:17:35.074,,9900,,,42.51835,-71.43687,,,,,,0
MSG,3,111,11111,A3612A,111111,2018/08/24,23:17:35.644,2018/08/24,23:17:35.601,,9900,,,42.51814,-71.43585,,,,,,0
MSG,3,111,11111,A3612A,111111,2018/08/24,23:17:36.575,2018/08/24,23:17:36.520,,9875,,,42.51779,-71.43406,,,,,,0
MSG,3,111,11111,A3612A,111111,2018/08/24,23:17:39.266,2018/08/24,23:17:39.211,,9825,,,42.51676,-71.42908,,,,,,0
MSG,3,111,11111,A3612A,111111,2018/08/24,23:17:41.585,2018/08/24,23:17:41.563,,9775,,,42.51588,-71.42487,,,,,,0
MSG,3,111,11111,A3612A,111111,2018/08/24,23:17:42.115,2018/08/24,23:17:42.089,,9775,,,42.51567,-71.42387,,,,,,0
MSG,3,111,11111,A3612A,111111,2018/08/24,23:17:43.005,2018/08/24,23:17:43.004,,9750,,,42.51537,-71.42231,,,,,,0
MSG,3,111,11111,A3612A,111111,2018/08/24,23:17:44.415,2018/08/24,23:17:44.382,,9725,,,42.51480,-71.41968,,,,,,0
MSG,3,111,11111,A3612A,111111,2018/08/24,23:17:46.515,2018/08/24,23:17:46.480,,9675,,,42.51402,-71.41581,,,,,,0
MSG,3,111,11111,A3612A,111111,2018/08/24,23:17:47.535,2018/08/24,23:17:47.527,,9650,,,42.51366,-71.41400,,,,,,0
MSG,3,111,11111,A3612A,111111,2018/08/24,23:17:47.955,2018/08/24,23:17:47.922,,9650,,,42.51352,-71.41326,,,,,,0
MSG,3,111,11111,A3612A,111111,2018/08/24,23:17:50.605,2018/08/24,23:17:50.606,,9600,,,42.51253,-71.40845,,,,,,0
MSG,3,111,11111,A3612A,111111,2018/08/24,23:17:57.205,2018/08/24,23:17:57.163,,9475,,,42.51006,-71.39651,,,,,,0
MSG,3,111,11111,A3612A,111111,2018/08/24,23:17:58.055,2018/08/24,23:17:58.014,,9450,,,42.50972,-71.39497,,,,,,0
MSG,3,111,11111,A3612A,111111,2018/08/24,23:17:59.045,2018/08/24,23:17:58.998,,9425,,,42.50935,-71.39316,,,,,,0
MSG,3,111,11111,A3612A,111111,2018/08/24,23:18:00.655,2018/08/24,23:18:00.635,,9400,,,42.50876,-71.39028,,,,,,0
MSG,3,111,11111,A3612A,111111,2018/08/24,23:18:01.705,2018/08/24,23:18:01.683,,9375,,,42.50834,-71.38839,,,,,,0
MSG,3,111,11111,A3612A,111111,2018/08/24,23:18:03.245,2018/08/24,23:18:03.193,,9350,,,42.50780,-71.38560,,,,,,0
MSG,3,111,11111,A3612A,111111,2018/08/24,23:18:03.775,2018/08/24,23:18:03.718,,9325,,,42.50755,-71.38463,,,,,,0
MSG,3,111,11111,A3612A,111111,2018/08/24,23:18:04.876,2018/08/24,23:18:04.830,,9300,,,42.50717,-71.38265,,,,,,0
MSG,3,111,11111,A3612A,111111,2018/08/24,23:18:07.826,2018/08/24,23:18:07.780,,9250,,,42.50606,-71.37742,,,,,,0
MSG,3,111,11111,A3612A,111111,2018/08/24,23:18:08.755,2018/08/24,23:18:08.699,,9225,,,42.50569,-71.37580,,,,,,0
MSG,3,111,11111,A3612A,111111,2018/08/24,23:18:09.815,2018/08/24,23:18:09.808,,9200,,,42.50533,-71.37387,,,,,,0
MSG,3,111,11111,A3612A,111111,2018/08/24,23:18:11.285,2018/08/24,23:18:11.253,,9175,,,42.50475,-71.37128,,,,,,0
MSG,3,111,11111,A3612A,111111,2018/08/24,23:18:12.196,2018/08/24,23:18:12.171,,9150,,,42.50443,-71.36968,,,,,,0
MSG,3,111,11111,A3612A,111111,2018/08/24,23:18:12.635,2018/08/24,23:18:12.627,,9150,,,42.50427,-71.36887,,,,,,0
MSG,3,111,11111,A3612A,111111,2018/08/24,23:18:13.115,2018/08/24,23:18:13.087,,9150,,,42.50409,-71.36800,,,,,,0
MSG,3,111,11111,A3612A,111111,2018/08/24,23:18:14.186,2018/08/24,23:18:14.137,,9125,,,42.50368,-71.36610,,,,,,0
MSG,3,111,11111,A3612A,111111,2018/08/24,23:18:14.745,2018/08/24,23:18:14.725,,9125,,,42.50349,-71.36513,,,,,,0
MSG,3,111,11111,A3612A,111111,2018/08/24,23:18:15.215,2018/08/24,23:18:15.184,,9100,,,42.50331,-71.36425,,,,,,0
MSG,3,111,11111,A3612A,111111,2018/08/24,23:18:15.686,2018/08/24,23:18:15.646,,9100,,,42.50312,-71.36342,,,,,,0
MSG,3,111,11111,A3612A,111111,2018/08/24,23:18:16.116,2018/08/24,23:18:16.100,,9100,,,42.50299,-71.36263,,,,,,0
MSG,3,111,11111,A3612A,111111,2018/08/24,23:18:17.165,2018/08/24,23:18:17.149,,9075,,,42.50261,-71.36080,,,,,,0
MSG,3,111,11111,A3612A,111111,2018/08/24,23:18:17.675,2018/08/24,23:18:17.672,,9050,,,42.50243,-71.35991,,,,,,0
MSG,3,111,11111,A3612A,111111,2018/08/24,23:18:18.135,2018/08/24,23:18:18.132,,9050,,,42.50226,-71.35914,,,,,,0
MSG,3,111,11111,A3612A,111111,2018/08/24,23:18:19.715,2018/08/24,23:18:19.705,,9025,,,42.50166,-71.35626,,,,,,0
MSG,3,111,11111,A3612A,111111,2018/08/24,23:18:20.705,2018/08/24,23:18:20.688,,9000,,,42.50131,-71.35460,,,,,,0
MSG,3,111,11111,A3612A,111111,2018/08/24,23:18:23.856,2018/08/24,23:18:23.834,,8925,,,42.50020,-71.34902,,,,,,0
MSG,3,111,11111,A3612A,111111,2018/08/24,23:18:25.206,2018/08/24,23:18:25.147,,8900,,,42.49968,-71.34662,,,,,,0
MSG,3,111,11111,A3612A,111111,2018/08/24,23:18:26.195,2018/08/24,23:18:26.192,,8900,,,42.49935,-71.34483,,,,,,0
MSG,3,111,11111,A3612A,111111,2018/08/24,23:18:28.116,2018/08/24,23:18:28.094,,8850,,,42.49864,-71.34141,,,,,,0
MSG,3,111,11111,A3612A,111111,2018/08/24,23:18:29.226,2018/08/24,23:18:29.208,,8825,,,42.49828,-71.33947,,,,,,0
MSG,3,111,11111,A3612A,111111,2018/08/24,23:18:29.685,2018/08/24,23:18:29.666,,8825,,,42.49810,-71.33864,,,,,,0
MSG,3,111,11111,A3612A,111111,2018/08/24,23:18:38.146,2018/08/24,23:18:38.121,,8650,,,42.49516,-71.32374,,,,,,0
MSG,3,111,11111,A3612A,111111,2018/08/24,23:18:40.276,2018/08/24,23:18:40.220,,8600,,,42.49442,-71.31998,,,,,,0
MSG,3,111,11111,A3612A,111111,2018/08/24,23:18:40.846,2018/08/24,23:18:40.810,,8600,,,42.49425,-71.31900,,,,,,0
MSG,3,111,11111,A3612A,111111,2018/08/24,23:18:41.346,2018/08/24,23:18:41.332,,8600,,,42.49406,-71.31812,,,,,,0
MSG,3,111,11111,A3612A,111111,2018/08/24,23:18:42.425,2018/08/24,23:18:42.382,,8575,,,42.49365,-71.31619,,,,,,0
MSG,3,111,11111,A3612A,111111,2018/08/24,23:18:43.005,2018/08/24,23:18:42.973,,8550,,,42.49349,-71.31526,,,,,,0
MSG,3,111,11111,A3612A,111111,2018/08/24,23:18:43.535,2018/08/24,23:18:43.496,,8550,,,42.49329,-71.31425,,,,,,0
MSG,3,111,11111,A3612A,111111,2018/08/24,23:18:44.466,2018/08/24,23:18:44.414,,8525,,,42.49298,-71.31258,,,,,,0
MSG,3,111,11111,A3612A,111111,2018/08/24,23:18:52.386,2018/08/24,23:18:52.343,,8375,,,42.49018,-71.29878,,,,,,0
MSG,3,111,11111,A3612A,111111,2018/08/24,23:18:52.876,2018/08/24,23:18:52.865,,8375,,,42.49000,-71.29788,,,,,,0
MSG,3,111,11111,A3612A,111111,2018/08/24,23:18:55.476,2018/08/24,23:18:55.425,,8325,,,42.48907,-71.29335,,,,,,0
MSG,3,111,11111,A3612A,111111,2018/08/24,23:18:58.116,2018/08/24,23:18:58.108,,8275,,,42.48816,-71.28872,,,,,,0
MSG,3,111,11111,A3612A,111111,2018/08/24,23:18:59.526,2018/08/24,23:18:59.487,,8250,,,42.48766,-71.28629,,,,,,0
MSG,3,111,11111,A3612A,111111,2018/08/24,23:19:00.076,2018/08/24,23:19:00.074,,8225,,,42.48744,-71.28530,,,,,,0
MSG,3,111,11111,A3612A,111111,2018/08/24,23:19:04.086,2018/08/24,23:19:04.072,,8150,,,42.48604,-71.27834,,,,,,0
MSG,3,111,11111,AB3EE8,111111,2018/08/24,23:20:23.250,2018/08/24,23:20:23.239,,5050,,,42.35616,-71.41497,,,,,,0
MSG,3,111,11111,AB3EE8,111111,2018/08/24,23:20:24.773,2018/08/24,23:20:24.752,,5050,,,42.35678,-71.41438,,,,,,0
MSG,3,111,11111,AB3EE8,111111,2018/08/24,23:20:28.271,2018/08/24,23:20:28.223,,5050,,,42.35811,-71.41299,,,,,,0
MSG,3,111,11111,AB3EE8,111111,2018/08/24,23:20:36.771,2018/08/24,23:20:36.741,,5050,,,42.36150,-71.40988,,,,,,0
MSG,3,111,11111,AB3EE8,111111,2018/08/24,23:20:46.465,2018/08/24,23:20:46.440,,5025,,,42.36547,-71.40634,,,,,,0
MSG,3,111,11111,AB3EE8,111111,2018/08/24,23:20:47.516,2018/08/24,23:20:47.489,,5025,,,42.36594,-71.40595,,,,,,0
MSG,3,111,11111,AB3EE8,111111,2018/08/24,23:20:49.069,2018/08/24,23:20:49.061,,5050,,,42.36659,-71.40545,,,,,,0
MSG,3,111,11111,AB3EE8,111111,2018/08/24,23:20:57.084,2018/08/24,23:20:57.057,,5025,,,42.36992,-71.40258,,,,,,0
MSG,3,111,11111,AB3EE8,111111,2018/08/24,23:21:04.044,2018/08/24,23:21:04.004,,5000,,,42.37282,-71.40002,,,,,,0
MSG,3,111,11111,AB3EE8,111111,2018/08/24,23:21:08.550,2018/08/24,23:21:08.525,,4975,,,42.37477,-71.39834,,,,,,0
MSG,3,111,11111,AB3EE8,111111,2018/08/24,23:21:11.027,2018/08/24,23:21:11.015,,4975,,,42.37590,-71.39740,,,,,,0
